<?xml version="1.0" encoding="UTF-8"?>
<coverage generated="1738946588836" clover="3.2.0">
  <project timestamp="1738946588837" name="All files">
    <metrics statements="1111" coveredstatements="1111" conditionals="219" coveredconditionals="219" methods="177" coveredmethods="177" elements="1507" coveredelements="1507" complexity="0" loc="1111" ncloc="1111" packages="5" files="55" classes="55"/>
    <package name="binary-operations.src">
      <metrics statements="34" coveredstatements="34" conditionals="16" coveredconditionals="16" methods="14" coveredmethods="14"/>
      <file name="binary-operations.ts" path="/home/runner/work/chip8/chip8/packages/binary-operations/src/binary-operations.ts">
        <metrics statements="33" coveredstatements="33" conditionals="16" coveredconditionals="16" methods="14" coveredmethods="14"/>
        <line num="1" count="2" type="cond" truecount="1" falsecount="0"/>
        <line num="2" count="2" type="stmt"/>
        <line num="3" count="2" type="stmt"/>
        <line num="5" count="2" type="cond" truecount="1" falsecount="0"/>
        <line num="6" count="2" type="cond" truecount="1" falsecount="0"/>
        <line num="7" count="2" type="cond" truecount="1" falsecount="0"/>
        <line num="9" count="2" type="stmt"/>
        <line num="10" count="2" type="stmt"/>
        <line num="11" count="2" type="stmt"/>
        <line num="12" count="2" type="stmt"/>
        <line num="13" count="2" type="stmt"/>
        <line num="14" count="2" type="stmt"/>
        <line num="15" count="2" type="stmt"/>
        <line num="17" count="2" type="cond" truecount="2" falsecount="0"/>
        <line num="18" count="2" type="cond" truecount="2" falsecount="0"/>
        <line num="20" count="2" type="stmt"/>
        <line num="21" count="2" type="stmt"/>
        <line num="23" count="2" type="stmt"/>
        <line num="25" count="2" type="stmt"/>
        <line num="26" count="2" type="stmt"/>
        <line num="28" count="2" type="stmt"/>
        <line num="30" count="2" type="cond" truecount="1" falsecount="0"/>
        <line num="31" count="2" type="cond" truecount="1" falsecount="0"/>
        <line num="32" count="2" type="cond" truecount="1" falsecount="0"/>
        <line num="34" count="2" type="cond" truecount="1" falsecount="0"/>
        <line num="35" count="2" type="cond" truecount="1" falsecount="0"/>
        <line num="37" count="2" type="cond" truecount="1" falsecount="0"/>
        <line num="38" count="2" type="cond" truecount="1" falsecount="0"/>
        <line num="40" count="2" type="cond" truecount="1" falsecount="0"/>
        <line num="41" count="4" type="stmt"/>
        <line num="42" count="4" type="stmt"/>
        <line num="44" count="4" type="stmt"/>
        <line num="45" count="4" type="stmt"/>
      </file>
      <file name="index.ts" path="/home/runner/work/chip8/chip8/packages/binary-operations/src/index.ts">
        <metrics statements="1" coveredstatements="1" conditionals="0" coveredconditionals="0" methods="0" coveredmethods="0"/>
        <line num="1" count="2" type="stmt"/>
      </file>
    </package>
    <package name="chip8.src">
      <metrics statements="468" coveredstatements="468" conditionals="122" coveredconditionals="122" methods="83" coveredmethods="83"/>
      <file name="cpu.ts" path="/home/runner/work/chip8/chip8/packages/chip8/src/cpu.ts">
        <metrics statements="74" coveredstatements="74" conditionals="16" coveredconditionals="16" methods="11" coveredmethods="11"/>
        <line num="9" count="2" type="stmt"/>
        <line num="10" count="2" type="stmt"/>
        <line num="12" count="2" type="stmt"/>
        <line num="28" count="2" type="cond" truecount="1" falsecount="0"/>
        <line num="29" count="410" type="stmt"/>
        <line num="30" count="410" type="stmt"/>
        <line num="31" count="410" type="stmt"/>
        <line num="32" count="410" type="stmt"/>
        <line num="33" count="410" type="stmt"/>
        <line num="34" count="410" type="stmt"/>
        <line num="35" count="410" type="stmt"/>
        <line num="36" count="410" type="stmt"/>
        <line num="38" count="410" type="stmt"/>
        <line num="40" count="410" type="cond" truecount="1" falsecount="0"/>
        <line num="41" count="410" type="stmt"/>
        <line num="42" count="410" type="stmt"/>
        <line num="43" count="410" type="stmt"/>
        <line num="44" count="410" type="stmt"/>
        <line num="45" count="410" type="stmt"/>
        <line num="46" count="410" type="stmt"/>
        <line num="47" count="410" type="stmt"/>
        <line num="48" count="410" type="stmt"/>
        <line num="49" count="410" type="stmt"/>
        <line num="51" count="410" type="cond" truecount="1" falsecount="0"/>
        <line num="52" count="410" type="stmt"/>
        <line num="53" count="410" type="stmt"/>
        <line num="54" count="410" type="stmt"/>
        <line num="55" count="410" type="stmt"/>
        <line num="56" count="410" type="stmt"/>
        <line num="57" count="410" type="stmt"/>
        <line num="58" count="410" type="stmt"/>
        <line num="59" count="410" type="stmt"/>
        <line num="60" count="410" type="stmt"/>
        <line num="61" count="410" type="stmt"/>
        <line num="62" count="410" type="stmt"/>
        <line num="64" count="410" type="cond" truecount="1" falsecount="0"/>
        <line num="65" count="382" type="stmt"/>
        <line num="66" count="382" type="stmt"/>
        <line num="68" count="410" type="cond" truecount="1" falsecount="0"/>
        <line num="69" count="270" type="stmt"/>
        <line num="70" count="270" type="stmt"/>
        <line num="72" count="410" type="cond" truecount="1" falsecount="0"/>
        <line num="73" count="132" type="cond" truecount="2" falsecount="0"/>
        <line num="75" count="132" type="stmt"/>
        <line num="76" count="132" type="stmt"/>
        <line num="78" count="410" type="cond" truecount="1" falsecount="0"/>
        <line num="79" count="2" type="stmt"/>
        <line num="80" count="2" type="stmt"/>
        <line num="81" count="2" type="stmt"/>
        <line num="83" count="410" type="cond" truecount="1" falsecount="0"/>
        <line num="84" count="2" type="stmt"/>
        <line num="85" count="2" type="stmt"/>
        <line num="87" count="410" type="cond" truecount="1" falsecount="0"/>
        <line num="88" count="114" type="stmt"/>
        <line num="89" count="114" type="stmt"/>
        <line num="91" count="114" type="cond" truecount="1" falsecount="0"/>
        <line num="92" count="2" type="stmt"/>
        <line num="93" count="2" type="stmt"/>
        <line num="94" count="2" type="cond" truecount="1" falsecount="0"/>
        <line num="96" count="112" type="stmt"/>
        <line num="97" count="112" type="stmt"/>
        <line num="98" count="112" type="stmt"/>
        <line num="99" count="112" type="stmt"/>
        <line num="100" count="112" type="stmt"/>
        <line num="101" count="112" type="stmt"/>
        <line num="102" count="112" type="stmt"/>
        <line num="103" count="114" type="stmt"/>
        <line num="105" count="410" type="cond" truecount="1" falsecount="0"/>
        <line num="106" count="114" type="cond" truecount="1" falsecount="0"/>
        <line num="107" count="114" type="stmt"/>
        <line num="109" count="410" type="cond" truecount="1" falsecount="0"/>
        <line num="110" count="14" type="stmt"/>
        <line num="111" count="14" type="stmt"/>
        <line num="112" count="410" type="stmt"/>
      </file>
      <file name="emulator.ts" path="/home/runner/work/chip8/chip8/packages/chip8/src/emulator.ts">
        <metrics statements="85" coveredstatements="85" conditionals="16" coveredconditionals="16" methods="8" coveredmethods="8"/>
        <line num="8" count="2" type="stmt"/>
        <line num="9" count="2" type="stmt"/>
        <line num="11" count="2" type="stmt"/>
        <line num="12" count="2" type="stmt"/>
        <line num="13" count="2" type="stmt"/>
        <line num="26" count="2" type="cond" truecount="1" falsecount="0"/>
        <line num="27" count="2" type="stmt"/>
        <line num="28" count="2" type="stmt"/>
        <line num="29" count="2" type="stmt"/>
        <line num="30" count="2" type="stmt"/>
        <line num="33" count="2" type="cond" truecount="1" falsecount="0"/>
        <line num="34" count="16" type="stmt"/>
        <line num="35" count="16" type="stmt"/>
        <line num="36" count="16" type="stmt"/>
        <line num="37" count="16" type="stmt"/>
        <line num="38" count="16" type="stmt"/>
        <line num="39" count="16" type="stmt"/>
        <line num="40" count="16" type="stmt"/>
        <line num="41" count="16" type="stmt"/>
        <line num="43" count="16" type="stmt"/>
        <line num="44" count="16" type="stmt"/>
        <line num="45" count="16" type="stmt"/>
        <line num="47" count="16" type="cond" truecount="1" falsecount="0"/>
        <line num="48" count="16" type="stmt"/>
        <line num="49" count="16" type="stmt"/>
        <line num="50" count="16" type="stmt"/>
        <line num="51" count="16" type="stmt"/>
        <line num="52" count="16" type="stmt"/>
        <line num="53" count="16" type="stmt"/>
        <line num="54" count="16" type="stmt"/>
        <line num="55" count="16" type="stmt"/>
        <line num="56" count="16" type="stmt"/>
        <line num="57" count="16" type="stmt"/>
        <line num="59" count="16" type="cond" truecount="1" falsecount="0"/>
        <line num="60" count="12" type="stmt"/>
        <line num="61" count="12" type="stmt"/>
        <line num="62" count="12" type="stmt"/>
        <line num="63" count="12" type="stmt"/>
        <line num="64" count="12" type="stmt"/>
        <line num="65" count="12" type="stmt"/>
        <line num="67" count="16" type="cond" truecount="1" falsecount="0"/>
        <line num="68" count="8" type="stmt"/>
        <line num="70" count="8" type="cond" truecount="1" falsecount="0"/>
        <line num="71" count="2" type="stmt"/>
        <line num="72" count="2" type="cond" truecount="1" falsecount="0"/>
        <line num="74" count="6" type="stmt"/>
        <line num="76" count="6" type="cond" truecount="1" falsecount="0"/>
        <line num="77" count="8" type="cond" truecount="2" falsecount="0"/>
        <line num="78" count="4" type="stmt"/>
        <line num="79" count="4" type="stmt"/>
        <line num="80" count="4" type="stmt"/>
        <line num="81" count="4" type="stmt"/>
        <line num="83" count="8" type="cond" truecount="1" falsecount="0"/>
        <line num="84" count="40" type="stmt"/>
        <line num="85" count="40" type="cond" truecount="1" falsecount="0"/>
        <line num="87" count="4" type="stmt"/>
        <line num="88" count="6" type="stmt"/>
        <line num="89" count="8" type="stmt"/>
        <line num="91" count="16" type="cond" truecount="1" falsecount="0"/>
        <line num="92" count="42" type="stmt"/>
        <line num="94" count="42" type="stmt"/>
        <line num="96" count="42" type="stmt"/>
        <line num="97" count="42" type="stmt"/>
        <line num="99" count="16" type="cond" truecount="1" falsecount="0"/>
        <line num="100" count="72" type="stmt"/>
        <line num="101" count="72" type="stmt"/>
        <line num="103" count="72" type="stmt"/>
        <line num="104" count="72" type="stmt"/>
        <line num="106" count="16" type="cond" truecount="1" falsecount="0"/>
        <line num="107" count="8" type="stmt"/>
        <line num="108" count="8" type="stmt"/>
        <line num="109" count="8" type="stmt"/>
        <line num="111" count="16" type="cond" truecount="1" falsecount="0"/>
        <line num="112" count="14" type="stmt"/>
        <line num="113" count="14" type="stmt"/>
        <line num="114" count="14" type="stmt"/>
        <line num="115" count="14" type="stmt"/>
        <line num="116" count="14" type="stmt"/>
        <line num="117" count="14" type="stmt"/>
        <line num="118" count="14" type="stmt"/>
        <line num="119" count="14" type="stmt"/>
        <line num="120" count="14" type="stmt"/>
        <line num="121" count="14" type="stmt"/>
        <line num="122" count="14" type="stmt"/>
        <line num="123" count="16" type="stmt"/>
      </file>
      <file name="graphics.ts" path="/home/runner/work/chip8/chip8/packages/chip8/src/graphics.ts">
        <metrics statements="43" coveredstatements="43" conditionals="15" coveredconditionals="15" methods="9" coveredmethods="9"/>
        <line num="1" count="2" type="stmt"/>
        <line num="4" count="2" type="stmt"/>
        <line num="5" count="2" type="stmt"/>
        <line num="8" count="2" type="stmt"/>
        <line num="9" count="2" type="stmt"/>
        <line num="11" count="2" type="cond" truecount="1" falsecount="0"/>
        <line num="12" count="362" type="stmt"/>
        <line num="14" count="362" type="cond" truecount="1" falsecount="0"/>
        <line num="15" count="6" type="stmt"/>
        <line num="16" count="6" type="stmt"/>
        <line num="18" count="362" type="cond" truecount="1" falsecount="0"/>
        <line num="19" count="362" type="cond" truecount="2" falsecount="0"/>
        <line num="20" count="362" type="stmt"/>
        <line num="22" count="362" type="cond" truecount="1" falsecount="0"/>
        <line num="23" count="22" type="stmt"/>
        <line num="24" count="22" type="stmt"/>
        <line num="26" count="362" type="cond" truecount="1" falsecount="0"/>
        <line num="27" count="26" type="cond" truecount="1" falsecount="0"/>
        <line num="28" count="26" type="stmt"/>
        <line num="30" count="362" type="cond" truecount="1" falsecount="0"/>
        <line num="31" count="10" type="stmt"/>
        <line num="33" count="10" type="cond" truecount="1" falsecount="0"/>
        <line num="34" count="160" type="stmt"/>
        <line num="35" count="160" type="stmt"/>
        <line num="36" count="160" type="stmt"/>
        <line num="37" count="160" type="stmt"/>
        <line num="39" count="160" type="stmt"/>
        <line num="40" count="160" type="cond" truecount="1" falsecount="0"/>
        <line num="41" count="160" type="stmt"/>
        <line num="43" count="10" type="stmt"/>
        <line num="44" count="10" type="stmt"/>
        <line num="46" count="362" type="cond" truecount="1" falsecount="0"/>
        <line num="47" count="182" type="stmt"/>
        <line num="49" count="182" type="stmt"/>
        <line num="51" count="182" type="cond" truecount="1" falsecount="0"/>
        <line num="52" count="182" type="stmt"/>
        <line num="54" count="362" type="cond" truecount="1" falsecount="0"/>
        <line num="55" count="224" type="stmt"/>
        <line num="56" count="224" type="stmt"/>
        <line num="58" count="362" type="cond" truecount="1" falsecount="0"/>
        <line num="59" count="190" type="stmt"/>
        <line num="60" count="190" type="stmt"/>
        <line num="61" count="362" type="stmt"/>
      </file>
      <file name="index.ts" path="/home/runner/work/chip8/chip8/packages/chip8/src/index.ts">
        <metrics statements="10" coveredstatements="10" conditionals="0" coveredconditionals="0" methods="0" coveredmethods="0"/>
        <line num="1" count="2" type="stmt"/>
        <line num="2" count="2" type="stmt"/>
        <line num="3" count="2" type="stmt"/>
        <line num="4" count="2" type="stmt"/>
        <line num="5" count="2" type="stmt"/>
        <line num="6" count="2" type="stmt"/>
        <line num="7" count="2" type="stmt"/>
        <line num="8" count="2" type="stmt"/>
        <line num="9" count="2" type="stmt"/>
        <line num="10" count="2" type="stmt"/>
      </file>
      <file name="input.ts" path="/home/runner/work/chip8/chip8/packages/chip8/src/input.ts">
        <metrics statements="33" coveredstatements="33" conditionals="10" coveredconditionals="10" methods="8" coveredmethods="8"/>
        <line num="1" count="2" type="stmt"/>
        <line num="3" count="2" type="cond" truecount="1" falsecount="0"/>
        <line num="4" count="350" type="stmt"/>
        <line num="5" count="350" type="stmt"/>
        <line num="7" count="350" type="cond" truecount="1" falsecount="0"/>
        <line num="8" count="2" type="stmt"/>
        <line num="9" count="2" type="stmt"/>
        <line num="11" count="350" type="cond" truecount="1" falsecount="0"/>
        <line num="12" count="4" type="stmt"/>
        <line num="13" count="4" type="stmt"/>
        <line num="15" count="350" type="cond" truecount="1" falsecount="0"/>
        <line num="16" count="14" type="stmt"/>
        <line num="17" count="14" type="cond" truecount="1" falsecount="0"/>
        <line num="18" count="4" type="stmt"/>
        <line num="19" count="4" type="stmt"/>
        <line num="20" count="4" type="stmt"/>
        <line num="21" count="14" type="stmt"/>
        <line num="23" count="350" type="cond" truecount="1" falsecount="0"/>
        <line num="24" count="6" type="stmt"/>
        <line num="25" count="6" type="stmt"/>
        <line num="27" count="350" type="cond" truecount="1" falsecount="0"/>
        <line num="28" count="16" type="stmt"/>
        <line num="29" count="16" type="stmt"/>
        <line num="31" count="350" type="cond" truecount="1" falsecount="0"/>
        <line num="32" count="4" type="cond" truecount="1" falsecount="0"/>
        <line num="33" count="4" type="stmt"/>
        <line num="34" count="4" type="stmt"/>
        <line num="35" count="4" type="stmt"/>
        <line num="37" count="350" type="cond" truecount="1" falsecount="0"/>
        <line num="38" count="14" type="stmt"/>
        <line num="39" count="14" type="stmt"/>
        <line num="40" count="14" type="stmt"/>
        <line num="41" count="350" type="stmt"/>
      </file>
      <file name="memory.ts" path="/home/runner/work/chip8/chip8/packages/chip8/src/memory.ts">
        <metrics statements="57" coveredstatements="57" conditionals="12" coveredconditionals="12" methods="9" coveredmethods="9"/>
        <line num="2" count="2" type="stmt"/>
        <line num="3" count="2" type="stmt"/>
        <line num="5" count="2" type="stmt"/>
        <line num="7" count="2" type="cond" truecount="1" falsecount="0"/>
        <line num="8" count="352" type="stmt"/>
        <line num="9" count="352" type="stmt"/>
        <line num="11" count="352" type="cond" truecount="1" falsecount="0"/>
        <line num="12" count="6" type="stmt"/>
        <line num="13" count="6" type="stmt"/>
        <line num="15" count="352" type="cond" truecount="1" falsecount="0"/>
        <line num="16" count="352" type="stmt"/>
        <line num="17" count="352" type="stmt"/>
        <line num="18" count="352" type="stmt"/>
        <line num="20" count="352" type="cond" truecount="1" falsecount="0"/>
        <line num="21" count="366" type="stmt"/>
        <line num="22" count="366" type="stmt"/>
        <line num="23" count="366" type="stmt"/>
        <line num="24" count="366" type="stmt"/>
        <line num="25" count="366" type="stmt"/>
        <line num="26" count="366" type="stmt"/>
        <line num="27" count="366" type="stmt"/>
        <line num="28" count="366" type="stmt"/>
        <line num="29" count="366" type="stmt"/>
        <line num="30" count="366" type="stmt"/>
        <line num="31" count="366" type="stmt"/>
        <line num="32" count="366" type="stmt"/>
        <line num="33" count="366" type="stmt"/>
        <line num="34" count="366" type="stmt"/>
        <line num="35" count="366" type="stmt"/>
        <line num="36" count="366" type="stmt"/>
        <line num="37" count="366" type="stmt"/>
        <line num="38" count="366" type="stmt"/>
        <line num="39" count="366" type="stmt"/>
        <line num="41" count="352" type="cond" truecount="1" falsecount="0"/>
        <line num="42" count="178" type="stmt"/>
        <line num="43" count="178" type="stmt"/>
        <line num="45" count="352" type="cond" truecount="1" falsecount="0"/>
        <line num="46" count="398" type="cond" truecount="1" falsecount="0"/>
        <line num="47" count="29380" type="stmt"/>
        <line num="48" count="29380" type="stmt"/>
        <line num="49" count="398" type="stmt"/>
        <line num="51" count="352" type="cond" truecount="1" falsecount="0"/>
        <line num="52" count="6" type="stmt"/>
        <line num="53" count="6" type="stmt"/>
        <line num="55" count="352" type="cond" truecount="1" falsecount="0"/>
        <line num="56" count="4" type="stmt"/>
        <line num="57" count="4" type="stmt"/>
        <line num="59" count="352" type="cond" truecount="1" falsecount="0"/>
        <line num="60" count="14" type="stmt"/>
        <line num="61" count="14" type="stmt"/>
        <line num="62" count="14" type="stmt"/>
        <line num="64" count="352" type="cond" truecount="1" falsecount="0"/>
        <line num="65" count="2" type="cond" truecount="1" falsecount="0"/>
        <line num="66" count="8192" type="stmt"/>
        <line num="67" count="8192" type="stmt"/>
        <line num="68" count="2" type="stmt"/>
        <line num="69" count="352" type="stmt"/>
      </file>
      <file name="opcode.ts" path="/home/runner/work/chip8/chip8/packages/chip8/src/opcode.ts">
        <metrics statements="28" coveredstatements="28" conditionals="9" coveredconditionals="9" methods="9" coveredmethods="9"/>
        <line num="1" count="2" type="stmt"/>
        <line num="14" count="2" type="cond" truecount="1" falsecount="0"/>
        <line num="15" count="232" type="stmt"/>
        <line num="17" count="232" type="cond" truecount="1" falsecount="0"/>
        <line num="18" count="1422" type="stmt"/>
        <line num="19" count="1422" type="stmt"/>
        <line num="21" count="232" type="cond" truecount="1" falsecount="0"/>
        <line num="22" count="232" type="stmt"/>
        <line num="23" count="232" type="stmt"/>
        <line num="25" count="232" type="cond" truecount="1" falsecount="0"/>
        <line num="26" count="114" type="stmt"/>
        <line num="27" count="114" type="stmt"/>
        <line num="29" count="232" type="cond" truecount="1" falsecount="0"/>
        <line num="30" count="114" type="stmt"/>
        <line num="31" count="114" type="stmt"/>
        <line num="33" count="232" type="cond" truecount="1" falsecount="0"/>
        <line num="34" count="114" type="stmt"/>
        <line num="35" count="114" type="stmt"/>
        <line num="37" count="232" type="cond" truecount="1" falsecount="0"/>
        <line num="38" count="114" type="stmt"/>
        <line num="39" count="114" type="stmt"/>
        <line num="41" count="232" type="cond" truecount="1" falsecount="0"/>
        <line num="42" count="114" type="stmt"/>
        <line num="43" count="114" type="stmt"/>
        <line num="45" count="232" type="cond" truecount="1" falsecount="0"/>
        <line num="46" count="116" type="stmt"/>
        <line num="47" count="116" type="stmt"/>
        <line num="49" count="232" type="stmt"/>
      </file>
      <file name="registers.ts" path="/home/runner/work/chip8/chip8/packages/chip8/src/registers.ts">
        <metrics statements="73" coveredstatements="73" conditionals="24" coveredconditionals="24" methods="16" coveredmethods="16"/>
        <line num="2" count="2" type="stmt"/>
        <line num="9" count="2" type="stmt"/>
        <line num="11" count="2" type="stmt"/>
        <line num="15" count="2" type="cond" truecount="1" falsecount="0"/>
        <line num="16" count="382" type="stmt"/>
        <line num="17" count="382" type="stmt"/>
        <line num="19" count="382" type="cond" truecount="1" falsecount="0"/>
        <line num="20" count="2" type="stmt"/>
        <line num="21" count="2" type="stmt"/>
        <line num="23" count="382" type="cond" truecount="1" falsecount="0"/>
        <line num="24" count="2" type="stmt"/>
        <line num="25" count="2" type="stmt"/>
        <line num="27" count="382" type="cond" truecount="1" falsecount="0"/>
        <line num="28" count="208" type="stmt"/>
        <line num="29" count="208" type="stmt"/>
        <line num="31" count="382" type="cond" truecount="1" falsecount="0"/>
        <line num="32" count="218" type="stmt"/>
        <line num="33" count="218" type="stmt"/>
        <line num="35" count="382" type="cond" truecount="1" falsecount="0"/>
        <line num="36" count="58" type="stmt"/>
        <line num="37" count="58" type="stmt"/>
        <line num="39" count="382" type="cond" truecount="1" falsecount="0"/>
        <line num="40" count="46" type="stmt"/>
        <line num="41" count="46" type="stmt"/>
        <line num="43" count="382" type="cond" truecount="1" falsecount="0"/>
        <line num="44" count="4" type="stmt"/>
        <line num="45" count="4" type="stmt"/>
        <line num="47" count="382" type="cond" truecount="1" falsecount="0"/>
        <line num="48" count="4" type="cond" truecount="1" falsecount="0"/>
        <line num="49" count="12" type="stmt"/>
        <line num="50" count="12" type="stmt"/>
        <line num="51" count="4" type="stmt"/>
        <line num="53" count="382" type="cond" truecount="1" falsecount="0"/>
        <line num="54" count="10" type="stmt"/>
        <line num="56" count="10" type="stmt"/>
        <line num="58" count="10" type="cond" truecount="2" falsecount="0"/>
        <line num="59" count="4" type="stmt"/>
        <line num="60" count="4" type="cond" truecount="1" falsecount="0"/>
        <line num="62" count="10" type="cond" truecount="2" falsecount="0"/>
        <line num="63" count="10" type="stmt"/>
        <line num="65" count="382" type="cond" truecount="1" falsecount="0"/>
        <line num="66" count="8" type="stmt"/>
        <line num="68" count="8" type="stmt"/>
        <line num="69" count="8" type="stmt"/>
        <line num="71" count="382" type="cond" truecount="1" falsecount="0"/>
        <line num="75" count="10" type="stmt"/>
        <line num="76" count="10" type="stmt"/>
        <line num="77" count="10" type="stmt"/>
        <line num="78" count="10" type="stmt"/>
        <line num="79" count="10" type="stmt"/>
        <line num="81" count="10" type="stmt"/>
        <line num="82" count="10" type="cond" truecount="2" falsecount="0"/>
        <line num="83" count="10" type="stmt"/>
        <line num="85" count="382" type="cond" truecount="1" falsecount="0"/>
        <line num="86" count="4" type="stmt"/>
        <line num="87" count="4" type="stmt"/>
        <line num="89" count="4" type="stmt"/>
        <line num="90" count="4" type="stmt"/>
        <line num="92" count="382" type="cond" truecount="1" falsecount="0"/>
        <line num="93" count="4" type="stmt"/>
        <line num="95" count="4" type="stmt"/>
        <line num="96" count="4" type="stmt"/>
        <line num="97" count="4" type="stmt"/>
        <line num="99" count="382" type="cond" truecount="1" falsecount="0"/>
        <line num="100" count="4" type="stmt"/>
        <line num="102" count="4" type="stmt"/>
        <line num="103" count="4" type="stmt"/>
        <line num="104" count="4" type="stmt"/>
        <line num="106" count="382" type="cond" truecount="1" falsecount="0"/>
        <line num="107" count="14" type="stmt"/>
        <line num="108" count="14" type="stmt"/>
        <line num="109" count="14" type="stmt"/>
        <line num="110" count="382" type="stmt"/>
      </file>
      <file name="sprite.ts" path="/home/runner/work/chip8/chip8/packages/chip8/src/sprite.ts">
        <metrics statements="25" coveredstatements="25" conditionals="8" coveredconditionals="8" methods="3" coveredmethods="3"/>
        <line num="2" count="2" type="stmt"/>
        <line num="4" count="2" type="stmt"/>
        <line num="9" count="2" type="cond" truecount="1" falsecount="0"/>
        <line num="10" count="20" type="stmt"/>
        <line num="12" count="20" type="cond" truecount="1" falsecount="0"/>
        <line num="13" count="20" type="stmt"/>
        <line num="14" count="20" type="stmt"/>
        <line num="16" count="20" type="cond" truecount="1" falsecount="0"/>
        <line num="17" count="12" type="cond" truecount="1" falsecount="0"/>
        <line num="18" count="24" type="cond" truecount="1" falsecount="0"/>
        <line num="19" count="192" type="stmt"/>
        <line num="21" count="192" type="stmt"/>
        <line num="22" count="192" type="stmt"/>
        <line num="23" count="192" type="stmt"/>
        <line num="24" count="192" type="stmt"/>
        <line num="25" count="192" type="stmt"/>
        <line num="26" count="192" type="stmt"/>
        <line num="27" count="192" type="stmt"/>
        <line num="28" count="192" type="stmt"/>
        <line num="29" count="24" type="stmt"/>
        <line num="30" count="12" type="stmt"/>
        <line num="32" count="20" type="cond" truecount="1" falsecount="0"/>
        <line num="33" count="194" type="cond" truecount="2" falsecount="0"/>
        <line num="34" count="194" type="stmt"/>
        <line num="35" count="20" type="stmt"/>
      </file>
      <file name="stack.ts" path="/home/runner/work/chip8/chip8/packages/chip8/src/stack.ts">
        <metrics statements="21" coveredstatements="21" conditionals="5" coveredconditionals="5" methods="5" coveredmethods="5"/>
        <line num="1" count="2" type="cond" truecount="1" falsecount="0"/>
        <line num="2" count="346" type="stmt"/>
        <line num="3" count="346" type="stmt"/>
        <line num="5" count="346" type="cond" truecount="1" falsecount="0"/>
        <line num="6" count="6" type="stmt"/>
        <line num="7" count="6" type="stmt"/>
        <line num="9" count="346" type="cond" truecount="1" falsecount="0"/>
        <line num="10" count="8" type="stmt"/>
        <line num="11" count="8" type="stmt"/>
        <line num="12" count="8" type="stmt"/>
        <line num="14" count="346" type="cond" truecount="1" falsecount="0"/>
        <line num="15" count="6" type="stmt"/>
        <line num="16" count="6" type="stmt"/>
        <line num="18" count="6" type="stmt"/>
        <line num="20" count="6" type="stmt"/>
        <line num="21" count="6" type="stmt"/>
        <line num="23" count="346" type="cond" truecount="1" falsecount="0"/>
        <line num="24" count="14" type="stmt"/>
        <line num="25" count="14" type="stmt"/>
        <line num="26" count="14" type="stmt"/>
        <line num="27" count="346" type="stmt"/>
      </file>
      <file name="timers.ts" path="/home/runner/work/chip8/chip8/packages/chip8/src/timers.ts">
        <metrics statements="19" coveredstatements="19" conditionals="7" coveredconditionals="7" methods="5" coveredmethods="5"/>
        <line num="1" count="2" type="stmt"/>
        <line num="3" count="2" type="cond" truecount="1" falsecount="0"/>
        <line num="4" count="690" type="stmt"/>
        <line num="6" count="690" type="cond" truecount="1" falsecount="0"/>
        <line num="7" count="22" type="stmt"/>
        <line num="8" count="22" type="stmt"/>
        <line num="10" count="690" type="cond" truecount="1" falsecount="0"/>
        <line num="11" count="24" type="stmt"/>
        <line num="12" count="24" type="stmt"/>
        <line num="14" count="690" type="cond" truecount="1" falsecount="0"/>
        <line num="15" count="24" type="cond" truecount="1" falsecount="0"/>
        <line num="16" count="14" type="stmt"/>
        <line num="17" count="14" type="cond" truecount="1" falsecount="0"/>
        <line num="19" count="10" type="stmt"/>
        <line num="20" count="24" type="stmt"/>
        <line num="22" count="690" type="cond" truecount="1" falsecount="0"/>
        <line num="23" count="30" type="stmt"/>
        <line num="24" count="30" type="stmt"/>
        <line num="25" count="690" type="stmt"/>
      </file>
    </package>
    <package name="chip8.src.instructions">
      <metrics statements="564" coveredstatements="564" conditionals="76" coveredconditionals="76" methods="75" coveredmethods="75"/>
      <file name="$00E0.ts" path="/home/runner/work/chip8/chip8/packages/chip8/src/instructions/$00E0.ts">
        <metrics statements="11" coveredstatements="11" conditionals="2" coveredconditionals="2" methods="2" coveredmethods="2"/>
        <line num="1" count="2" type="stmt"/>
        <line num="6" count="2" type="stmt"/>
        <line num="7" count="2" type="cond" truecount="1" falsecount="0"/>
        <line num="8" count="348" type="stmt"/>
        <line num="9" count="348" type="stmt"/>
        <line num="11" count="2" type="cond" truecount="1" falsecount="0"/>
        <line num="12" count="8" type="stmt"/>
        <line num="14" count="8" type="stmt"/>
        <line num="16" count="8" type="stmt"/>
        <line num="17" count="8" type="stmt"/>
        <line num="18" count="2" type="stmt"/>
      </file>
      <file name="$00EE.ts" path="/home/runner/work/chip8/chip8/packages/chip8/src/instructions/$00EE.ts">
        <metrics statements="11" coveredstatements="11" conditionals="2" coveredconditionals="2" methods="2" coveredmethods="2"/>
        <line num="1" count="2" type="stmt"/>
        <line num="6" count="2" type="stmt"/>
        <line num="7" count="2" type="cond" truecount="1" falsecount="0"/>
        <line num="8" count="348" type="stmt"/>
        <line num="9" count="348" type="stmt"/>
        <line num="11" count="2" type="cond" truecount="1" falsecount="0"/>
        <line num="12" count="2" type="stmt"/>
        <line num="14" count="2" type="stmt"/>
        <line num="16" count="2" type="stmt"/>
        <line num="17" count="2" type="stmt"/>
        <line num="18" count="2" type="stmt"/>
      </file>
      <file name="$0NNN.ts" path="/home/runner/work/chip8/chip8/packages/chip8/src/instructions/$0NNN.ts">
        <metrics statements="10" coveredstatements="10" conditionals="2" coveredconditionals="2" methods="2" coveredmethods="2"/>
        <line num="1" count="2" type="stmt"/>
        <line num="8" count="2" type="stmt"/>
        <line num="9" count="2" type="cond" truecount="1" falsecount="0"/>
        <line num="10" count="348" type="stmt"/>
        <line num="11" count="348" type="stmt"/>
        <line num="13" count="2" type="cond" truecount="1" falsecount="0"/>
        <line num="14" count="34" type="stmt"/>
        <line num="16" count="34" type="stmt"/>
        <line num="17" count="34" type="stmt"/>
        <line num="18" count="2" type="stmt"/>
      </file>
      <file name="$1NNN.ts" path="/home/runner/work/chip8/chip8/packages/chip8/src/instructions/$1NNN.ts">
        <metrics statements="10" coveredstatements="10" conditionals="2" coveredconditionals="2" methods="2" coveredmethods="2"/>
        <line num="1" count="2" type="stmt"/>
        <line num="6" count="2" type="stmt"/>
        <line num="7" count="2" type="cond" truecount="1" falsecount="0"/>
        <line num="8" count="348" type="stmt"/>
        <line num="9" count="348" type="stmt"/>
        <line num="11" count="2" type="cond" truecount="1" falsecount="0"/>
        <line num="12" count="2" type="stmt"/>
        <line num="14" count="2" type="stmt"/>
        <line num="15" count="2" type="stmt"/>
        <line num="16" count="2" type="stmt"/>
      </file>
      <file name="$2NNN.ts" path="/home/runner/work/chip8/chip8/packages/chip8/src/instructions/$2NNN.ts">
        <metrics statements="11" coveredstatements="11" conditionals="2" coveredconditionals="2" methods="2" coveredmethods="2"/>
        <line num="1" count="2" type="stmt"/>
        <line num="6" count="2" type="stmt"/>
        <line num="7" count="2" type="cond" truecount="1" falsecount="0"/>
        <line num="8" count="348" type="stmt"/>
        <line num="9" count="348" type="stmt"/>
        <line num="11" count="2" type="cond" truecount="1" falsecount="0"/>
        <line num="12" count="2" type="stmt"/>
        <line num="14" count="2" type="stmt"/>
        <line num="16" count="2" type="stmt"/>
        <line num="17" count="2" type="stmt"/>
        <line num="18" count="2" type="stmt"/>
      </file>
      <file name="$3XNN.ts" path="/home/runner/work/chip8/chip8/packages/chip8/src/instructions/$3XNN.ts">
        <metrics statements="11" coveredstatements="11" conditionals="2" coveredconditionals="2" methods="2" coveredmethods="2"/>
        <line num="1" count="2" type="stmt"/>
        <line num="6" count="2" type="stmt"/>
        <line num="7" count="2" type="cond" truecount="1" falsecount="0"/>
        <line num="8" count="350" type="stmt"/>
        <line num="9" count="350" type="stmt"/>
        <line num="11" count="2" type="cond" truecount="1" falsecount="0"/>
        <line num="12" count="4" type="stmt"/>
        <line num="14" count="4" type="stmt"/>
        <line num="16" count="4" type="stmt"/>
        <line num="17" count="4" type="stmt"/>
        <line num="18" count="2" type="stmt"/>
      </file>
      <file name="$4XNN.ts" path="/home/runner/work/chip8/chip8/packages/chip8/src/instructions/$4XNN.ts">
        <metrics statements="11" coveredstatements="11" conditionals="2" coveredconditionals="2" methods="2" coveredmethods="2"/>
        <line num="1" count="2" type="stmt"/>
        <line num="6" count="2" type="stmt"/>
        <line num="7" count="2" type="cond" truecount="1" falsecount="0"/>
        <line num="8" count="350" type="stmt"/>
        <line num="9" count="350" type="stmt"/>
        <line num="11" count="2" type="cond" truecount="1" falsecount="0"/>
        <line num="12" count="4" type="stmt"/>
        <line num="14" count="4" type="stmt"/>
        <line num="16" count="4" type="stmt"/>
        <line num="17" count="4" type="stmt"/>
        <line num="18" count="2" type="stmt"/>
      </file>
      <file name="$5XY0.ts" path="/home/runner/work/chip8/chip8/packages/chip8/src/instructions/$5XY0.ts">
        <metrics statements="11" coveredstatements="11" conditionals="2" coveredconditionals="2" methods="2" coveredmethods="2"/>
        <line num="1" count="2" type="stmt"/>
        <line num="6" count="2" type="stmt"/>
        <line num="7" count="2" type="cond" truecount="1" falsecount="0"/>
        <line num="8" count="350" type="stmt"/>
        <line num="9" count="350" type="stmt"/>
        <line num="11" count="2" type="cond" truecount="1" falsecount="0"/>
        <line num="12" count="4" type="stmt"/>
        <line num="14" count="4" type="stmt"/>
        <line num="16" count="4" type="stmt"/>
        <line num="17" count="4" type="stmt"/>
        <line num="18" count="2" type="stmt"/>
      </file>
      <file name="$6XNN.ts" path="/home/runner/work/chip8/chip8/packages/chip8/src/instructions/$6XNN.ts">
        <metrics statements="11" coveredstatements="11" conditionals="2" coveredconditionals="2" methods="2" coveredmethods="2"/>
        <line num="1" count="2" type="stmt"/>
        <line num="6" count="2" type="stmt"/>
        <line num="7" count="2" type="cond" truecount="1" falsecount="0"/>
        <line num="8" count="348" type="stmt"/>
        <line num="9" count="348" type="stmt"/>
        <line num="11" count="2" type="cond" truecount="1" falsecount="0"/>
        <line num="12" count="2" type="stmt"/>
        <line num="14" count="2" type="stmt"/>
        <line num="16" count="2" type="stmt"/>
        <line num="17" count="2" type="stmt"/>
        <line num="18" count="2" type="stmt"/>
      </file>
      <file name="$7XNN.ts" path="/home/runner/work/chip8/chip8/packages/chip8/src/instructions/$7XNN.ts">
        <metrics statements="11" coveredstatements="11" conditionals="2" coveredconditionals="2" methods="2" coveredmethods="2"/>
        <line num="1" count="2" type="stmt"/>
        <line num="6" count="2" type="stmt"/>
        <line num="7" count="2" type="cond" truecount="1" falsecount="0"/>
        <line num="8" count="348" type="stmt"/>
        <line num="9" count="348" type="stmt"/>
        <line num="11" count="2" type="cond" truecount="1" falsecount="0"/>
        <line num="12" count="2" type="stmt"/>
        <line num="14" count="2" type="stmt"/>
        <line num="16" count="2" type="stmt"/>
        <line num="17" count="2" type="stmt"/>
        <line num="18" count="2" type="stmt"/>
      </file>
      <file name="$8XY0.ts" path="/home/runner/work/chip8/chip8/packages/chip8/src/instructions/$8XY0.ts">
        <metrics statements="12" coveredstatements="12" conditionals="2" coveredconditionals="2" methods="2" coveredmethods="2"/>
        <line num="1" count="2" type="stmt"/>
        <line num="6" count="2" type="stmt"/>
        <line num="7" count="2" type="cond" truecount="1" falsecount="0"/>
        <line num="8" count="348" type="stmt"/>
        <line num="9" count="348" type="stmt"/>
        <line num="11" count="2" type="cond" truecount="1" falsecount="0"/>
        <line num="12" count="2" type="stmt"/>
        <line num="14" count="2" type="stmt"/>
        <line num="16" count="2" type="stmt"/>
        <line num="18" count="2" type="stmt"/>
        <line num="19" count="2" type="stmt"/>
        <line num="20" count="2" type="stmt"/>
      </file>
      <file name="$8XY1.ts" path="/home/runner/work/chip8/chip8/packages/chip8/src/instructions/$8XY1.ts">
        <metrics statements="13" coveredstatements="13" conditionals="2" coveredconditionals="2" methods="2" coveredmethods="2"/>
        <line num="1" count="2" type="stmt"/>
        <line num="2" count="2" type="stmt"/>
        <line num="7" count="2" type="stmt"/>
        <line num="8" count="2" type="cond" truecount="1" falsecount="0"/>
        <line num="9" count="348" type="stmt"/>
        <line num="10" count="348" type="stmt"/>
        <line num="12" count="2" type="cond" truecount="1" falsecount="0"/>
        <line num="13" count="2" type="stmt"/>
        <line num="15" count="2" type="stmt"/>
        <line num="17" count="2" type="stmt"/>
        <line num="19" count="2" type="stmt"/>
        <line num="20" count="2" type="stmt"/>
        <line num="21" count="2" type="stmt"/>
      </file>
      <file name="$8XY2.ts" path="/home/runner/work/chip8/chip8/packages/chip8/src/instructions/$8XY2.ts">
        <metrics statements="13" coveredstatements="13" conditionals="2" coveredconditionals="2" methods="2" coveredmethods="2"/>
        <line num="1" count="2" type="stmt"/>
        <line num="2" count="2" type="stmt"/>
        <line num="7" count="2" type="stmt"/>
        <line num="8" count="2" type="cond" truecount="1" falsecount="0"/>
        <line num="9" count="348" type="stmt"/>
        <line num="10" count="348" type="stmt"/>
        <line num="12" count="2" type="cond" truecount="1" falsecount="0"/>
        <line num="13" count="2" type="stmt"/>
        <line num="15" count="2" type="stmt"/>
        <line num="17" count="2" type="stmt"/>
        <line num="19" count="2" type="stmt"/>
        <line num="20" count="2" type="stmt"/>
        <line num="21" count="2" type="stmt"/>
      </file>
      <file name="$8XY3.ts" path="/home/runner/work/chip8/chip8/packages/chip8/src/instructions/$8XY3.ts">
        <metrics statements="13" coveredstatements="13" conditionals="2" coveredconditionals="2" methods="2" coveredmethods="2"/>
        <line num="1" count="2" type="stmt"/>
        <line num="2" count="2" type="stmt"/>
        <line num="7" count="2" type="stmt"/>
        <line num="8" count="2" type="cond" truecount="1" falsecount="0"/>
        <line num="9" count="348" type="stmt"/>
        <line num="10" count="348" type="stmt"/>
        <line num="12" count="2" type="cond" truecount="1" falsecount="0"/>
        <line num="13" count="2" type="stmt"/>
        <line num="15" count="2" type="stmt"/>
        <line num="17" count="2" type="stmt"/>
        <line num="19" count="2" type="stmt"/>
        <line num="20" count="2" type="stmt"/>
        <line num="21" count="2" type="stmt"/>
      </file>
      <file name="$8XY4.ts" path="/home/runner/work/chip8/chip8/packages/chip8/src/instructions/$8XY4.ts">
        <metrics statements="12" coveredstatements="12" conditionals="2" coveredconditionals="2" methods="2" coveredmethods="2"/>
        <line num="1" count="2" type="stmt"/>
        <line num="6" count="2" type="stmt"/>
        <line num="7" count="2" type="cond" truecount="1" falsecount="0"/>
        <line num="8" count="350" type="stmt"/>
        <line num="9" count="350" type="stmt"/>
        <line num="11" count="2" type="cond" truecount="1" falsecount="0"/>
        <line num="12" count="4" type="stmt"/>
        <line num="14" count="4" type="stmt"/>
        <line num="16" count="4" type="stmt"/>
        <line num="18" count="4" type="stmt"/>
        <line num="19" count="4" type="stmt"/>
        <line num="20" count="2" type="stmt"/>
      </file>
      <file name="$8XY5.ts" path="/home/runner/work/chip8/chip8/packages/chip8/src/instructions/$8XY5.ts">
        <metrics statements="15" coveredstatements="15" conditionals="2" coveredconditionals="2" methods="2" coveredmethods="2"/>
        <line num="1" count="2" type="stmt"/>
        <line num="6" count="2" type="stmt"/>
        <line num="7" count="2" type="cond" truecount="1" falsecount="0"/>
        <line num="8" count="350" type="stmt"/>
        <line num="9" count="350" type="stmt"/>
        <line num="11" count="2" type="cond" truecount="1" falsecount="0"/>
        <line num="12" count="4" type="stmt"/>
        <line num="13" count="4" type="stmt"/>
        <line num="14" count="4" type="stmt"/>
        <line num="15" count="4" type="stmt"/>
        <line num="16" count="4" type="stmt"/>
        <line num="18" count="4" type="stmt"/>
        <line num="20" count="4" type="stmt"/>
        <line num="21" count="4" type="stmt"/>
        <line num="22" count="2" type="stmt"/>
      </file>
      <file name="$8XY6.ts" path="/home/runner/work/chip8/chip8/packages/chip8/src/instructions/$8XY6.ts">
        <metrics statements="11" coveredstatements="11" conditionals="2" coveredconditionals="2" methods="2" coveredmethods="2"/>
        <line num="1" count="2" type="stmt"/>
        <line num="6" count="2" type="stmt"/>
        <line num="7" count="2" type="cond" truecount="1" falsecount="0"/>
        <line num="8" count="348" type="stmt"/>
        <line num="9" count="348" type="stmt"/>
        <line num="11" count="2" type="cond" truecount="1" falsecount="0"/>
        <line num="12" count="2" type="stmt"/>
        <line num="14" count="2" type="stmt"/>
        <line num="16" count="2" type="stmt"/>
        <line num="17" count="2" type="stmt"/>
        <line num="18" count="2" type="stmt"/>
      </file>
      <file name="$8XY7.ts" path="/home/runner/work/chip8/chip8/packages/chip8/src/instructions/$8XY7.ts">
        <metrics statements="15" coveredstatements="15" conditionals="2" coveredconditionals="2" methods="2" coveredmethods="2"/>
        <line num="1" count="2" type="stmt"/>
        <line num="6" count="2" type="stmt"/>
        <line num="7" count="2" type="cond" truecount="1" falsecount="0"/>
        <line num="8" count="350" type="stmt"/>
        <line num="9" count="350" type="stmt"/>
        <line num="11" count="2" type="cond" truecount="1" falsecount="0"/>
        <line num="12" count="4" type="stmt"/>
        <line num="13" count="4" type="stmt"/>
        <line num="14" count="4" type="stmt"/>
        <line num="15" count="4" type="stmt"/>
        <line num="16" count="4" type="stmt"/>
        <line num="18" count="4" type="stmt"/>
        <line num="20" count="4" type="stmt"/>
        <line num="21" count="4" type="stmt"/>
        <line num="22" count="2" type="stmt"/>
      </file>
      <file name="$8XYE.ts" path="/home/runner/work/chip8/chip8/packages/chip8/src/instructions/$8XYE.ts">
        <metrics statements="11" coveredstatements="11" conditionals="2" coveredconditionals="2" methods="2" coveredmethods="2"/>
        <line num="1" count="2" type="stmt"/>
        <line num="6" count="2" type="stmt"/>
        <line num="7" count="2" type="cond" truecount="1" falsecount="0"/>
        <line num="8" count="348" type="stmt"/>
        <line num="9" count="348" type="stmt"/>
        <line num="11" count="2" type="cond" truecount="1" falsecount="0"/>
        <line num="12" count="2" type="stmt"/>
        <line num="14" count="2" type="stmt"/>
        <line num="16" count="2" type="stmt"/>
        <line num="17" count="2" type="stmt"/>
        <line num="18" count="2" type="stmt"/>
      </file>
      <file name="$9XY0.ts" path="/home/runner/work/chip8/chip8/packages/chip8/src/instructions/$9XY0.ts">
        <metrics statements="11" coveredstatements="11" conditionals="2" coveredconditionals="2" methods="2" coveredmethods="2"/>
        <line num="1" count="2" type="stmt"/>
        <line num="6" count="2" type="stmt"/>
        <line num="7" count="2" type="cond" truecount="1" falsecount="0"/>
        <line num="8" count="350" type="stmt"/>
        <line num="9" count="350" type="stmt"/>
        <line num="11" count="2" type="cond" truecount="1" falsecount="0"/>
        <line num="12" count="4" type="stmt"/>
        <line num="14" count="4" type="stmt"/>
        <line num="16" count="4" type="stmt"/>
        <line num="17" count="4" type="stmt"/>
        <line num="18" count="2" type="stmt"/>
      </file>
      <file name="$ANNN.ts" path="/home/runner/work/chip8/chip8/packages/chip8/src/instructions/$ANNN.ts">
        <metrics statements="11" coveredstatements="11" conditionals="2" coveredconditionals="2" methods="2" coveredmethods="2"/>
        <line num="1" count="2" type="stmt"/>
        <line num="6" count="2" type="stmt"/>
        <line num="7" count="2" type="cond" truecount="1" falsecount="0"/>
        <line num="8" count="348" type="stmt"/>
        <line num="9" count="348" type="stmt"/>
        <line num="11" count="2" type="cond" truecount="1" falsecount="0"/>
        <line num="12" count="6" type="stmt"/>
        <line num="14" count="6" type="stmt"/>
        <line num="16" count="6" type="stmt"/>
        <line num="17" count="6" type="stmt"/>
        <line num="18" count="2" type="stmt"/>
      </file>
      <file name="$BNNN.ts" path="/home/runner/work/chip8/chip8/packages/chip8/src/instructions/$BNNN.ts">
        <metrics statements="11" coveredstatements="11" conditionals="2" coveredconditionals="2" methods="2" coveredmethods="2"/>
        <line num="1" count="2" type="stmt"/>
        <line num="6" count="2" type="stmt"/>
        <line num="7" count="2" type="cond" truecount="1" falsecount="0"/>
        <line num="8" count="348" type="stmt"/>
        <line num="9" count="348" type="stmt"/>
        <line num="11" count="2" type="cond" truecount="1" falsecount="0"/>
        <line num="12" count="2" type="stmt"/>
        <line num="14" count="2" type="stmt"/>
        <line num="16" count="2" type="stmt"/>
        <line num="17" count="2" type="stmt"/>
        <line num="18" count="2" type="stmt"/>
      </file>
      <file name="$CXNN.ts" path="/home/runner/work/chip8/chip8/packages/chip8/src/instructions/$CXNN.ts">
        <metrics statements="11" coveredstatements="11" conditionals="2" coveredconditionals="2" methods="2" coveredmethods="2"/>
        <line num="1" count="2" type="stmt"/>
        <line num="6" count="2" type="stmt"/>
        <line num="7" count="2" type="cond" truecount="1" falsecount="0"/>
        <line num="8" count="348" type="stmt"/>
        <line num="9" count="348" type="stmt"/>
        <line num="11" count="2" type="cond" truecount="1" falsecount="0"/>
        <line num="12" count="2" type="stmt"/>
        <line num="14" count="2" type="stmt"/>
        <line num="16" count="2" type="stmt"/>
        <line num="17" count="2" type="stmt"/>
        <line num="18" count="2" type="stmt"/>
      </file>
      <file name="$DXYN.ts" path="/home/runner/work/chip8/chip8/packages/chip8/src/instructions/$DXYN.ts">
        <metrics statements="17" coveredstatements="17" conditionals="2" coveredconditionals="2" methods="2" coveredmethods="2"/>
        <line num="1" count="2" type="stmt"/>
        <line num="7" count="2" type="stmt"/>
        <line num="8" count="2" type="cond" truecount="1" falsecount="0"/>
        <line num="9" count="350" type="stmt"/>
        <line num="10" count="350" type="stmt"/>
        <line num="12" count="2" type="cond" truecount="1" falsecount="0"/>
        <line num="13" count="4" type="stmt"/>
        <line num="14" count="4" type="stmt"/>
        <line num="15" count="4" type="stmt"/>
        <line num="16" count="4" type="stmt"/>
        <line num="17" count="4" type="stmt"/>
        <line num="19" count="4" type="stmt"/>
        <line num="21" count="4" type="stmt"/>
        <line num="23" count="4" type="stmt"/>
        <line num="25" count="4" type="stmt"/>
        <line num="26" count="4" type="stmt"/>
        <line num="27" count="2" type="stmt"/>
      </file>
      <file name="$EX9E.ts" path="/home/runner/work/chip8/chip8/packages/chip8/src/instructions/$EX9E.ts">
        <metrics statements="12" coveredstatements="12" conditionals="2" coveredconditionals="2" methods="2" coveredmethods="2"/>
        <line num="1" count="2" type="stmt"/>
        <line num="6" count="2" type="stmt"/>
        <line num="7" count="2" type="cond" truecount="1" falsecount="0"/>
        <line num="8" count="350" type="stmt"/>
        <line num="9" count="350" type="stmt"/>
        <line num="11" count="2" type="cond" truecount="1" falsecount="0"/>
        <line num="12" count="4" type="stmt"/>
        <line num="13" count="4" type="stmt"/>
        <line num="15" count="4" type="stmt"/>
        <line num="17" count="4" type="stmt"/>
        <line num="18" count="4" type="stmt"/>
        <line num="19" count="2" type="stmt"/>
      </file>
      <file name="$EXA1.ts" path="/home/runner/work/chip8/chip8/packages/chip8/src/instructions/$EXA1.ts">
        <metrics statements="12" coveredstatements="12" conditionals="2" coveredconditionals="2" methods="2" coveredmethods="2"/>
        <line num="1" count="2" type="stmt"/>
        <line num="6" count="2" type="stmt"/>
        <line num="7" count="2" type="cond" truecount="1" falsecount="0"/>
        <line num="8" count="350" type="stmt"/>
        <line num="9" count="350" type="stmt"/>
        <line num="11" count="2" type="cond" truecount="1" falsecount="0"/>
        <line num="12" count="4" type="stmt"/>
        <line num="13" count="4" type="stmt"/>
        <line num="15" count="4" type="stmt"/>
        <line num="17" count="4" type="stmt"/>
        <line num="18" count="4" type="stmt"/>
        <line num="19" count="2" type="stmt"/>
      </file>
      <file name="$FX07.ts" path="/home/runner/work/chip8/chip8/packages/chip8/src/instructions/$FX07.ts">
        <metrics statements="12" coveredstatements="12" conditionals="2" coveredconditionals="2" methods="2" coveredmethods="2"/>
        <line num="1" count="2" type="stmt"/>
        <line num="6" count="2" type="stmt"/>
        <line num="7" count="2" type="cond" truecount="1" falsecount="0"/>
        <line num="8" count="348" type="stmt"/>
        <line num="9" count="348" type="stmt"/>
        <line num="11" count="2" type="cond" truecount="1" falsecount="0"/>
        <line num="12" count="2" type="stmt"/>
        <line num="14" count="2" type="stmt"/>
        <line num="16" count="2" type="stmt"/>
        <line num="18" count="2" type="stmt"/>
        <line num="19" count="2" type="stmt"/>
        <line num="20" count="2" type="stmt"/>
      </file>
      <file name="$FX0A.ts" path="/home/runner/work/chip8/chip8/packages/chip8/src/instructions/$FX0A.ts">
        <metrics statements="13" coveredstatements="13" conditionals="3" coveredconditionals="3" methods="2" coveredmethods="2"/>
        <line num="1" count="2" type="stmt"/>
        <line num="6" count="2" type="stmt"/>
        <line num="7" count="2" type="cond" truecount="1" falsecount="0"/>
        <line num="8" count="348" type="stmt"/>
        <line num="9" count="348" type="stmt"/>
        <line num="11" count="2" type="cond" truecount="1" falsecount="0"/>
        <line num="12" count="2" type="cond" truecount="1" falsecount="0"/>
        <line num="13" count="2" type="stmt"/>
        <line num="15" count="2" type="stmt"/>
        <line num="16" count="2" type="stmt"/>
        <line num="18" count="2" type="stmt"/>
        <line num="19" count="2" type="stmt"/>
        <line num="20" count="2" type="stmt"/>
      </file>
      <file name="$FX15.ts" path="/home/runner/work/chip8/chip8/packages/chip8/src/instructions/$FX15.ts">
        <metrics statements="12" coveredstatements="12" conditionals="2" coveredconditionals="2" methods="2" coveredmethods="2"/>
        <line num="1" count="2" type="stmt"/>
        <line num="6" count="2" type="stmt"/>
        <line num="7" count="2" type="cond" truecount="1" falsecount="0"/>
        <line num="8" count="348" type="stmt"/>
        <line num="9" count="348" type="stmt"/>
        <line num="11" count="2" type="cond" truecount="1" falsecount="0"/>
        <line num="12" count="2" type="stmt"/>
        <line num="14" count="2" type="stmt"/>
        <line num="16" count="2" type="stmt"/>
        <line num="18" count="2" type="stmt"/>
        <line num="19" count="2" type="stmt"/>
        <line num="20" count="2" type="stmt"/>
      </file>
      <file name="$FX18.ts" path="/home/runner/work/chip8/chip8/packages/chip8/src/instructions/$FX18.ts">
        <metrics statements="12" coveredstatements="12" conditionals="2" coveredconditionals="2" methods="2" coveredmethods="2"/>
        <line num="1" count="2" type="stmt"/>
        <line num="6" count="2" type="stmt"/>
        <line num="7" count="2" type="cond" truecount="1" falsecount="0"/>
        <line num="8" count="348" type="stmt"/>
        <line num="9" count="348" type="stmt"/>
        <line num="11" count="2" type="cond" truecount="1" falsecount="0"/>
        <line num="12" count="2" type="stmt"/>
        <line num="14" count="2" type="stmt"/>
        <line num="16" count="2" type="stmt"/>
        <line num="18" count="2" type="stmt"/>
        <line num="19" count="2" type="stmt"/>
        <line num="20" count="2" type="stmt"/>
      </file>
      <file name="$FX1E.ts" path="/home/runner/work/chip8/chip8/packages/chip8/src/instructions/$FX1E.ts">
        <metrics statements="12" coveredstatements="12" conditionals="2" coveredconditionals="2" methods="2" coveredmethods="2"/>
        <line num="1" count="2" type="stmt"/>
        <line num="6" count="2" type="stmt"/>
        <line num="7" count="2" type="cond" truecount="1" falsecount="0"/>
        <line num="8" count="348" type="stmt"/>
        <line num="9" count="348" type="stmt"/>
        <line num="11" count="2" type="cond" truecount="1" falsecount="0"/>
        <line num="12" count="2" type="stmt"/>
        <line num="14" count="2" type="stmt"/>
        <line num="16" count="2" type="stmt"/>
        <line num="18" count="2" type="stmt"/>
        <line num="19" count="2" type="stmt"/>
        <line num="20" count="2" type="stmt"/>
      </file>
      <file name="$FX29.ts" path="/home/runner/work/chip8/chip8/packages/chip8/src/instructions/$FX29.ts">
        <metrics statements="13" coveredstatements="13" conditionals="2" coveredconditionals="2" methods="2" coveredmethods="2"/>
        <line num="1" count="2" type="stmt"/>
        <line num="3" count="2" type="stmt"/>
        <line num="8" count="2" type="stmt"/>
        <line num="9" count="2" type="cond" truecount="1" falsecount="0"/>
        <line num="10" count="348" type="stmt"/>
        <line num="11" count="348" type="stmt"/>
        <line num="13" count="2" type="cond" truecount="1" falsecount="0"/>
        <line num="14" count="2" type="stmt"/>
        <line num="16" count="2" type="stmt"/>
        <line num="18" count="2" type="stmt"/>
        <line num="20" count="2" type="stmt"/>
        <line num="21" count="2" type="stmt"/>
        <line num="22" count="2" type="stmt"/>
      </file>
      <file name="$FX33.ts" path="/home/runner/work/chip8/chip8/packages/chip8/src/instructions/$FX33.ts">
        <metrics statements="16" coveredstatements="16" conditionals="2" coveredconditionals="2" methods="2" coveredmethods="2"/>
        <line num="1" count="2" type="stmt"/>
        <line num="2" count="2" type="stmt"/>
        <line num="7" count="2" type="stmt"/>
        <line num="8" count="2" type="cond" truecount="1" falsecount="0"/>
        <line num="9" count="348" type="stmt"/>
        <line num="10" count="348" type="stmt"/>
        <line num="12" count="2" type="cond" truecount="1" falsecount="0"/>
        <line num="13" count="2" type="stmt"/>
        <line num="15" count="2" type="stmt"/>
        <line num="16" count="2" type="stmt"/>
        <line num="17" count="2" type="stmt"/>
        <line num="19" count="2" type="stmt"/>
        <line num="21" count="2" type="stmt"/>
        <line num="23" count="2" type="stmt"/>
        <line num="24" count="2" type="stmt"/>
        <line num="25" count="2" type="stmt"/>
      </file>
      <file name="$FX55.ts" path="/home/runner/work/chip8/chip8/packages/chip8/src/instructions/$FX55.ts">
        <metrics statements="13" coveredstatements="13" conditionals="2" coveredconditionals="2" methods="2" coveredmethods="2"/>
        <line num="1" count="2" type="stmt"/>
        <line num="7" count="2" type="stmt"/>
        <line num="8" count="2" type="cond" truecount="1" falsecount="0"/>
        <line num="9" count="348" type="stmt"/>
        <line num="10" count="348" type="stmt"/>
        <line num="12" count="2" type="cond" truecount="1" falsecount="0"/>
        <line num="13" count="2" type="stmt"/>
        <line num="15" count="2" type="stmt"/>
        <line num="16" count="2" type="stmt"/>
        <line num="18" count="2" type="stmt"/>
        <line num="20" count="2" type="stmt"/>
        <line num="21" count="2" type="stmt"/>
        <line num="22" count="2" type="stmt"/>
      </file>
      <file name="$FX65.ts" path="/home/runner/work/chip8/chip8/packages/chip8/src/instructions/$FX65.ts">
        <metrics statements="14" coveredstatements="14" conditionals="2" coveredconditionals="2" methods="2" coveredmethods="2"/>
        <line num="1" count="2" type="stmt"/>
        <line num="7" count="2" type="stmt"/>
        <line num="8" count="2" type="cond" truecount="1" falsecount="0"/>
        <line num="9" count="348" type="stmt"/>
        <line num="10" count="348" type="stmt"/>
        <line num="12" count="2" type="cond" truecount="1" falsecount="0"/>
        <line num="13" count="2" type="stmt"/>
        <line num="14" count="2" type="stmt"/>
        <line num="16" count="2" type="stmt"/>
        <line num="17" count="2" type="stmt"/>
        <line num="19" count="2" type="stmt"/>
        <line num="21" count="2" type="stmt"/>
        <line num="22" count="2" type="stmt"/>
        <line num="23" count="2" type="stmt"/>
      </file>
      <file name="index.ts" path="/home/runner/work/chip8/chip8/packages/chip8/src/instructions/index.ts">
        <metrics statements="37" coveredstatements="37" conditionals="0" coveredconditionals="0" methods="0" coveredmethods="0"/>
        <line num="1" count="2" type="stmt"/>
        <line num="2" count="2" type="stmt"/>
        <line num="3" count="2" type="stmt"/>
        <line num="4" count="2" type="stmt"/>
        <line num="5" count="2" type="stmt"/>
        <line num="6" count="2" type="stmt"/>
        <line num="7" count="2" type="stmt"/>
        <line num="8" count="2" type="stmt"/>
        <line num="9" count="2" type="stmt"/>
        <line num="10" count="2" type="stmt"/>
        <line num="11" count="2" type="stmt"/>
        <line num="12" count="2" type="stmt"/>
        <line num="13" count="2" type="stmt"/>
        <line num="14" count="2" type="stmt"/>
        <line num="15" count="2" type="stmt"/>
        <line num="16" count="2" type="stmt"/>
        <line num="17" count="2" type="stmt"/>
        <line num="18" count="2" type="stmt"/>
        <line num="19" count="2" type="stmt"/>
        <line num="20" count="2" type="stmt"/>
        <line num="21" count="2" type="stmt"/>
        <line num="22" count="2" type="stmt"/>
        <line num="23" count="2" type="stmt"/>
        <line num="24" count="2" type="stmt"/>
        <line num="25" count="2" type="stmt"/>
        <line num="26" count="2" type="stmt"/>
        <line num="27" count="2" type="stmt"/>
        <line num="28" count="2" type="stmt"/>
        <line num="29" count="2" type="stmt"/>
        <line num="30" count="2" type="stmt"/>
        <line num="31" count="2" type="stmt"/>
        <line num="32" count="2" type="stmt"/>
        <line num="33" count="2" type="stmt"/>
        <line num="34" count="2" type="stmt"/>
        <line num="35" count="2" type="stmt"/>
        <line num="36" count="2" type="stmt"/>
        <line num="37" count="2" type="stmt"/>
      </file>
      <file name="instruction-loader.ts" path="/home/runner/work/chip8/chip8/packages/chip8/src/instructions/instruction-loader.ts">
        <metrics statements="74" coveredstatements="74" conditionals="2" coveredconditionals="2" methods="2" coveredmethods="2"/>
        <line num="1" count="2" type="stmt"/>
        <line num="2" count="2" type="stmt"/>
        <line num="3" count="2" type="stmt"/>
        <line num="4" count="2" type="stmt"/>
        <line num="5" count="2" type="stmt"/>
        <line num="6" count="2" type="stmt"/>
        <line num="7" count="2" type="stmt"/>
        <line num="8" count="2" type="stmt"/>
        <line num="9" count="2" type="stmt"/>
        <line num="10" count="2" type="stmt"/>
        <line num="11" count="2" type="stmt"/>
        <line num="12" count="2" type="stmt"/>
        <line num="13" count="2" type="stmt"/>
        <line num="14" count="2" type="stmt"/>
        <line num="15" count="2" type="stmt"/>
        <line num="16" count="2" type="stmt"/>
        <line num="17" count="2" type="stmt"/>
        <line num="18" count="2" type="stmt"/>
        <line num="19" count="2" type="stmt"/>
        <line num="20" count="2" type="stmt"/>
        <line num="21" count="2" type="stmt"/>
        <line num="22" count="2" type="stmt"/>
        <line num="23" count="2" type="stmt"/>
        <line num="24" count="2" type="stmt"/>
        <line num="25" count="2" type="stmt"/>
        <line num="26" count="2" type="stmt"/>
        <line num="27" count="2" type="stmt"/>
        <line num="28" count="2" type="stmt"/>
        <line num="29" count="2" type="stmt"/>
        <line num="30" count="2" type="stmt"/>
        <line num="31" count="2" type="stmt"/>
        <line num="32" count="2" type="stmt"/>
        <line num="33" count="2" type="stmt"/>
        <line num="34" count="2" type="stmt"/>
        <line num="36" count="2" type="stmt"/>
        <line num="38" count="2" type="stmt"/>
        <line num="39" count="2" type="cond" truecount="2" falsecount="0"/>
        <line num="40" count="342" type="stmt"/>
        <line num="41" count="342" type="stmt"/>
        <line num="42" count="342" type="stmt"/>
        <line num="43" count="342" type="stmt"/>
        <line num="44" count="342" type="stmt"/>
        <line num="45" count="342" type="stmt"/>
        <line num="46" count="342" type="stmt"/>
        <line num="47" count="342" type="stmt"/>
        <line num="48" count="342" type="stmt"/>
        <line num="49" count="342" type="stmt"/>
        <line num="50" count="342" type="stmt"/>
        <line num="51" count="342" type="stmt"/>
        <line num="52" count="342" type="stmt"/>
        <line num="53" count="342" type="stmt"/>
        <line num="54" count="342" type="stmt"/>
        <line num="55" count="342" type="stmt"/>
        <line num="56" count="342" type="stmt"/>
        <line num="57" count="342" type="stmt"/>
        <line num="58" count="342" type="stmt"/>
        <line num="59" count="342" type="stmt"/>
        <line num="60" count="342" type="stmt"/>
        <line num="61" count="342" type="stmt"/>
        <line num="62" count="342" type="stmt"/>
        <line num="63" count="342" type="stmt"/>
        <line num="64" count="342" type="stmt"/>
        <line num="65" count="342" type="stmt"/>
        <line num="66" count="342" type="stmt"/>
        <line num="67" count="342" type="stmt"/>
        <line num="68" count="342" type="stmt"/>
        <line num="69" count="342" type="stmt"/>
        <line num="70" count="342" type="stmt"/>
        <line num="71" count="342" type="stmt"/>
        <line num="72" count="342" type="stmt"/>
        <line num="73" count="342" type="stmt"/>
        <line num="74" count="342" type="stmt"/>
        <line num="75" count="342" type="stmt"/>
        <line num="76" count="2" type="stmt"/>
      </file>
      <file name="instruction.ts" path="/home/runner/work/chip8/chip8/packages/chip8/src/instructions/instruction.ts">
        <metrics statements="28" coveredstatements="28" conditionals="3" coveredconditionals="3" methods="3" coveredmethods="3"/>
        <line num="9" count="2" type="stmt"/>
        <line num="57" count="2" type="cond" truecount="1" falsecount="0"/>
        <line num="58" count="10012" type="stmt"/>
        <line num="59" count="10012" type="stmt"/>
        <line num="60" count="10012" type="stmt"/>
        <line num="61" count="10012" type="stmt"/>
        <line num="62" count="10012" type="stmt"/>
        <line num="63" count="10012" type="stmt"/>
        <line num="64" count="10012" type="stmt"/>
        <line num="65" count="10012" type="stmt"/>
        <line num="66" count="10012" type="stmt"/>
        <line num="67" count="10012" type="stmt"/>
        <line num="69" count="10012" type="cond" truecount="1" falsecount="0"/>
        <line num="70" count="10804" type="stmt"/>
        <line num="71" count="10804" type="stmt"/>
        <line num="72" count="10804" type="stmt"/>
        <line num="73" count="10804" type="stmt"/>
        <line num="74" count="10804" type="stmt"/>
        <line num="75" count="10804" type="stmt"/>
        <line num="76" count="10804" type="stmt"/>
        <line num="77" count="10804" type="stmt"/>
        <line num="78" count="10804" type="stmt"/>
        <line num="79" count="10804" type="stmt"/>
        <line num="80" count="10804" type="stmt"/>
        <line num="82" count="10012" type="cond" truecount="1" falsecount="0"/>
        <line num="83" count="1420" type="stmt"/>
        <line num="84" count="1420" type="stmt"/>
        <line num="87" count="10012" type="stmt"/>
      </file>
    </package>
    <package name="math-operations.src">
      <metrics statements="11" coveredstatements="11" conditionals="4" coveredconditionals="4" methods="4" coveredmethods="4"/>
      <file name="index.ts" path="/home/runner/work/chip8/chip8/packages/math-operations/src/index.ts">
        <metrics statements="1" coveredstatements="1" conditionals="0" coveredconditionals="0" methods="0" coveredmethods="0"/>
        <line num="1" count="2" type="stmt"/>
      </file>
      <file name="math-operations.ts" path="/home/runner/work/chip8/chip8/packages/math-operations/src/math-operations.ts">
        <metrics statements="10" coveredstatements="10" conditionals="4" coveredconditionals="4" methods="4" coveredmethods="4"/>
        <line num="1" count="2" type="cond" truecount="1" falsecount="0"/>
        <line num="2" count="2" type="stmt"/>
        <line num="3" count="2" type="stmt"/>
        <line num="5" count="2" type="cond" truecount="1" falsecount="0"/>
        <line num="6" count="2" type="stmt"/>
        <line num="7" count="2" type="stmt"/>
        <line num="9" count="2" type="cond" truecount="1" falsecount="0"/>
        <line num="10" count="2" type="stmt"/>
        <line num="11" count="2" type="stmt"/>
        <line num="13" count="2" type="cond" truecount="1" falsecount="0"/>
      </file>
    </package>
    <package name="use-chip8-emulator.src">
      <metrics statements="34" coveredstatements="34" conditionals="1" coveredconditionals="1" methods="1" coveredmethods="1"/>
      <file name="index.ts" path="/home/runner/work/chip8/chip8/packages/use-chip8-emulator/src/index.ts">
        <metrics statements="1" coveredstatements="1" conditionals="0" coveredconditionals="0" methods="0" coveredmethods="0"/>
        <line num="1" count="2" type="stmt"/>
      </file>
      <file name="useChip8Emulator.ts" path="/home/runner/work/chip8/chip8/packages/use-chip8-emulator/src/useChip8Emulator.ts">
        <metrics statements="33" coveredstatements="33" conditionals="1" coveredconditionals="1" methods="1" coveredmethods="1"/>
        <line num="1" count="2" type="stmt"/>
        <line num="2" count="2" type="stmt"/>
        <line num="4" count="2" type="cond" truecount="1" falsecount="0"/>
        <line num="5" count="2" type="stmt"/>
        <line num="6" count="2" type="stmt"/>
        <line num="7" count="2" type="stmt"/>
        <line num="8" count="2" type="stmt"/>
        <line num="9" count="2" type="stmt"/>
        <line num="10" count="2" type="stmt"/>
        <line num="11" count="2" type="stmt"/>
        <line num="13" count="2" type="stmt"/>
        <line num="14" count="2" type="stmt"/>
        <line num="15" count="2" type="stmt"/>
        <line num="16" count="2" type="stmt"/>
        <line num="17" count="2" type="stmt"/>
        <line num="18" count="2" type="stmt"/>
        <line num="19" count="2" type="stmt"/>
        <line num="20" count="2" type="stmt"/>
        <line num="21" count="2" type="stmt"/>
        <line num="23" count="2" type="stmt"/>
        <line num="24" count="2" type="stmt"/>
        <line num="25" count="2" type="stmt"/>
        <line num="26" count="2" type="stmt"/>
        <line num="27" count="2" type="stmt"/>
        <line num="28" count="2" type="stmt"/>
        <line num="29" count="2" type="stmt"/>
        <line num="30" count="2" type="stmt"/>
        <line num="31" count="2" type="stmt"/>
        <line num="32" count="2" type="stmt"/>
        <line num="34" count="2" type="stmt"/>
        <line num="35" count="2" type="stmt"/>
        <line num="36" count="2" type="stmt"/>
        <line num="37" count="2" type="stmt"/>
      </file>
    </package>
  </project>
</coverage>
