{"/home/runner/work/chip8/chip8/packages/binary-operations/src/binary-operations.ts": {"path":"/home/runner/work/chip8/chip8/packages/binary-operations/src/binary-operations.ts","all":false,"statementMap":{"0":{"start":{"line":1,"column":0},"end":{"line":1,"column":75}},"1":{"start":{"line":2,"column":0},"end":{"line":2,"column":53}},"2":{"start":{"line":3,"column":0},"end":{"line":3,"column":1}},"3":{"start":{"line":5,"column":0},"end":{"line":5,"column":76}},"4":{"start":{"line":6,"column":0},"end":{"line":6,"column":77}},"5":{"start":{"line":7,"column":0},"end":{"line":7,"column":77}},"6":{"start":{"line":9,"column":0},"end":{"line":9,"column":22}},"7":{"start":{"line":10,"column":0},"end":{"line":10,"column":25}},"8":{"start":{"line":11,"column":0},"end":{"line":11,"column":24}},"9":{"start":{"line":12,"column":0},"end":{"line":12,"column":25}},"10":{"start":{"line":13,"column":0},"end":{"line":13,"column":28}},"11":{"start":{"line":14,"column":0},"end":{"line":14,"column":30}},"12":{"start":{"line":15,"column":0},"end":{"line":15,"column":1}},"13":{"start":{"line":17,"column":0},"end":{"line":17,"column":86}},"14":{"start":{"line":18,"column":0},"end":{"line":18,"column":85}},"15":{"start":{"line":20,"column":0},"end":{"line":20,"column":44}},"16":{"start":{"line":21,"column":0},"end":{"line":21,"column":42}},"17":{"start":{"line":23,"column":0},"end":{"line":23,"column":44}},"18":{"start":{"line":25,"column":0},"end":{"line":25,"column":44}},"19":{"start":{"line":26,"column":0},"end":{"line":26,"column":42}},"20":{"start":{"line":28,"column":0},"end":{"line":28,"column":44}},"21":{"start":{"line":30,"column":0},"end":{"line":30,"column":106}},"22":{"start":{"line":31,"column":0},"end":{"line":31,"column":105}},"23":{"start":{"line":32,"column":0},"end":{"line":32,"column":91}},"24":{"start":{"line":34,"column":0},"end":{"line":34,"column":97}},"25":{"start":{"line":35,"column":0},"end":{"line":35,"column":99}},"26":{"start":{"line":37,"column":0},"end":{"line":37,"column":88}},"27":{"start":{"line":38,"column":0},"end":{"line":38,"column":84}},"28":{"start":{"line":40,"column":0},"end":{"line":40,"column":69}},"29":{"start":{"line":41,"column":0},"end":{"line":41,"column":55}},"30":{"start":{"line":42,"column":0},"end":{"line":42,"column":46}},"31":{"start":{"line":44,"column":0},"end":{"line":44,"column":42}},"32":{"start":{"line":45,"column":0},"end":{"line":45,"column":1}}},"s":{"0":2,"1":2,"2":2,"3":2,"4":2,"5":2,"6":2,"7":2,"8":2,"9":2,"10":2,"11":2,"12":2,"13":2,"14":2,"15":2,"16":2,"17":2,"18":2,"19":2,"20":2,"21":2,"22":2,"23":2,"24":2,"25":2,"26":2,"27":2,"28":2,"29":4,"30":4,"31":4,"32":4},"branchMap":{"0":{"type":"branch","line":1,"loc":{"start":{"line":1,"column":27},"end":{"line":3,"column":1}},"locations":[{"start":{"line":1,"column":27},"end":{"line":3,"column":1}}]},"1":{"type":"branch","line":5,"loc":{"start":{"line":5,"column":25},"end":{"line":5,"column":76}},"locations":[{"start":{"line":5,"column":25},"end":{"line":5,"column":76}}]},"2":{"type":"branch","line":6,"loc":{"start":{"line":6,"column":26},"end":{"line":6,"column":77}},"locations":[{"start":{"line":6,"column":26},"end":{"line":6,"column":77}}]},"3":{"type":"branch","line":7,"loc":{"start":{"line":7,"column":26},"end":{"line":7,"column":77}},"locations":[{"start":{"line":7,"column":26},"end":{"line":7,"column":77}}]},"4":{"type":"branch","line":17,"loc":{"start":{"line":17,"column":28},"end":{"line":17,"column":86}},"locations":[{"start":{"line":17,"column":28},"end":{"line":17,"column":86}}]},"5":{"type":"branch","line":17,"loc":{"start":{"line":17,"column":48},"end":{"line":17,"column":86}},"locations":[{"start":{"line":17,"column":48},"end":{"line":17,"column":86}}]},"6":{"type":"branch","line":18,"loc":{"start":{"line":18,"column":27},"end":{"line":18,"column":85}},"locations":[{"start":{"line":18,"column":27},"end":{"line":18,"column":85}}]},"7":{"type":"branch","line":18,"loc":{"start":{"line":18,"column":47},"end":{"line":18,"column":85}},"locations":[{"start":{"line":18,"column":47},"end":{"line":18,"column":85}}]},"8":{"type":"branch","line":30,"loc":{"start":{"line":30,"column":31},"end":{"line":30,"column":106}},"locations":[{"start":{"line":30,"column":31},"end":{"line":30,"column":106}}]},"9":{"type":"branch","line":31,"loc":{"start":{"line":31,"column":31},"end":{"line":31,"column":105}},"locations":[{"start":{"line":31,"column":31},"end":{"line":31,"column":105}}]},"10":{"type":"branch","line":32,"loc":{"start":{"line":32,"column":31},"end":{"line":32,"column":91}},"locations":[{"start":{"line":32,"column":31},"end":{"line":32,"column":91}}]},"11":{"type":"branch","line":34,"loc":{"start":{"line":34,"column":34},"end":{"line":34,"column":97}},"locations":[{"start":{"line":34,"column":34},"end":{"line":34,"column":97}}]},"12":{"type":"branch","line":35,"loc":{"start":{"line":35,"column":34},"end":{"line":35,"column":99}},"locations":[{"start":{"line":35,"column":34},"end":{"line":35,"column":99}}]},"13":{"type":"branch","line":37,"loc":{"start":{"line":37,"column":42},"end":{"line":37,"column":88}},"locations":[{"start":{"line":37,"column":42},"end":{"line":37,"column":88}}]},"14":{"type":"branch","line":38,"loc":{"start":{"line":38,"column":41},"end":{"line":38,"column":84}},"locations":[{"start":{"line":38,"column":41},"end":{"line":38,"column":84}}]},"15":{"type":"branch","line":40,"loc":{"start":{"line":40,"column":24},"end":{"line":45,"column":1}},"locations":[{"start":{"line":40,"column":24},"end":{"line":45,"column":1}}]}},"b":{"0":[2],"1":[4],"2":[2],"3":[18],"4":[14],"5":[20],"6":[6],"7":[8],"8":[2],"9":[2],"10":[2],"11":[2],"12":[2],"13":[2],"14":[2],"15":[4]},"fnMap":{"0":{"name":"concatBytes","decl":{"start":{"line":1,"column":27},"end":{"line":3,"column":1}},"loc":{"start":{"line":1,"column":27},"end":{"line":3,"column":1}},"line":1},"1":{"name":"bitwiseOr","decl":{"start":{"line":5,"column":25},"end":{"line":5,"column":76}},"loc":{"start":{"line":5,"column":25},"end":{"line":5,"column":76}},"line":5},"2":{"name":"bitwiseXor","decl":{"start":{"line":6,"column":26},"end":{"line":6,"column":77}},"loc":{"start":{"line":6,"column":26},"end":{"line":6,"column":77}},"line":6},"3":{"name":"bitwiseAnd","decl":{"start":{"line":7,"column":26},"end":{"line":7,"column":77}},"loc":{"start":{"line":7,"column":26},"end":{"line":7,"column":77}},"line":7},"4":{"name":"shiftRightBy","decl":{"start":{"line":17,"column":28},"end":{"line":17,"column":86}},"loc":{"start":{"line":17,"column":28},"end":{"line":17,"column":86}},"line":17},"5":{"name":"shiftLeftBy","decl":{"start":{"line":18,"column":27},"end":{"line":18,"column":85}},"loc":{"start":{"line":18,"column":27},"end":{"line":18,"column":85}},"line":18},"6":{"name":"isolate2ndDigit","decl":{"start":{"line":30,"column":31},"end":{"line":30,"column":106}},"loc":{"start":{"line":30,"column":31},"end":{"line":30,"column":106}},"line":30},"7":{"name":"isolate3rdDigit","decl":{"start":{"line":31,"column":31},"end":{"line":31,"column":105}},"loc":{"start":{"line":31,"column":31},"end":{"line":31,"column":105}},"line":31},"8":{"name":"isolate4thDigit","decl":{"start":{"line":32,"column":31},"end":{"line":32,"column":91}},"loc":{"start":{"line":32,"column":31},"end":{"line":32,"column":91}},"line":32},"9":{"name":"isolate2LastDigits","decl":{"start":{"line":34,"column":34},"end":{"line":34,"column":97}},"loc":{"start":{"line":34,"column":34},"end":{"line":34,"column":97}},"line":34},"10":{"name":"isolate3LastDigits","decl":{"start":{"line":35,"column":34},"end":{"line":35,"column":99}},"loc":{"start":{"line":35,"column":34},"end":{"line":35,"column":99}},"line":35},"11":{"name":"isolateLeastSignificantBit","decl":{"start":{"line":37,"column":42},"end":{"line":37,"column":88}},"loc":{"start":{"line":37,"column":42},"end":{"line":37,"column":88}},"line":37},"12":{"name":"isolateMostSignificantBit","decl":{"start":{"line":38,"column":41},"end":{"line":38,"column":84}},"loc":{"start":{"line":38,"column":41},"end":{"line":38,"column":84}},"line":38},"13":{"name":"isBitSet","decl":{"start":{"line":40,"column":24},"end":{"line":45,"column":1}},"loc":{"start":{"line":40,"column":24},"end":{"line":45,"column":1}},"line":40}},"f":{"0":2,"1":4,"2":2,"3":18,"4":14,"5":6,"6":2,"7":2,"8":2,"9":2,"10":2,"11":2,"12":2,"13":4}}
,"/home/runner/work/chip8/chip8/packages/binary-operations/src/index.ts": {"path":"/home/runner/work/chip8/chip8/packages/binary-operations/src/index.ts","all":false,"statementMap":{"0":{"start":{"line":1,"column":0},"end":{"line":1,"column":36}}},"s":{"0":2},"branchMap":{},"b":{},"fnMap":{},"f":{}}
,"/home/runner/work/chip8/chip8/packages/chip8/src/cpu.ts": {"path":"/home/runner/work/chip8/chip8/packages/chip8/src/cpu.ts","all":false,"statementMap":{"0":{"start":{"line":9,"column":0},"end":{"line":9,"column":52}},"1":{"start":{"line":10,"column":0},"end":{"line":10,"column":55}},"2":{"start":{"line":12,"column":0},"end":{"line":12,"column":32}},"3":{"start":{"line":28,"column":0},"end":{"line":28,"column":18}},"4":{"start":{"line":29,"column":0},"end":{"line":29,"column":40}},"5":{"start":{"line":30,"column":0},"end":{"line":30,"column":34}},"6":{"start":{"line":31,"column":0},"end":{"line":31,"column":42}},"7":{"start":{"line":32,"column":0},"end":{"line":32,"column":71}},"8":{"start":{"line":33,"column":0},"end":{"line":33,"column":36}},"9":{"start":{"line":34,"column":0},"end":{"line":34,"column":33}},"10":{"start":{"line":35,"column":0},"end":{"line":35,"column":38}},"11":{"start":{"line":36,"column":0},"end":{"line":36,"column":39}},"12":{"start":{"line":38,"column":0},"end":{"line":38,"column":71}},"13":{"start":{"line":40,"column":0},"end":{"line":40,"column":36}},"14":{"start":{"line":41,"column":0},"end":{"line":41,"column":39}},"15":{"start":{"line":42,"column":0},"end":{"line":42,"column":33}},"16":{"start":{"line":43,"column":0},"end":{"line":43,"column":41}},"17":{"start":{"line":44,"column":0},"end":{"line":44,"column":35}},"18":{"start":{"line":45,"column":0},"end":{"line":45,"column":33}},"19":{"start":{"line":46,"column":0},"end":{"line":46,"column":43}},"20":{"start":{"line":47,"column":0},"end":{"line":47,"column":43}},"21":{"start":{"line":48,"column":0},"end":{"line":48,"column":76}},"22":{"start":{"line":49,"column":0},"end":{"line":49,"column":5}},"23":{"start":{"line":51,"column":0},"end":{"line":51,"column":38}},"24":{"start":{"line":52,"column":0},"end":{"line":52,"column":16}},"25":{"start":{"line":53,"column":0},"end":{"line":53,"column":22}},"26":{"start":{"line":54,"column":0},"end":{"line":54,"column":36}},"27":{"start":{"line":55,"column":0},"end":{"line":55,"column":30}},"28":{"start":{"line":56,"column":0},"end":{"line":56,"column":38}},"29":{"start":{"line":57,"column":0},"end":{"line":57,"column":32}},"30":{"start":{"line":58,"column":0},"end":{"line":58,"column":30}},"31":{"start":{"line":59,"column":0},"end":{"line":59,"column":40}},"32":{"start":{"line":60,"column":0},"end":{"line":60,"column":40}},"33":{"start":{"line":61,"column":0},"end":{"line":61,"column":9}},"34":{"start":{"line":62,"column":0},"end":{"line":62,"column":5}},"35":{"start":{"line":64,"column":0},"end":{"line":64,"column":25}},"36":{"start":{"line":65,"column":0},"end":{"line":65,"column":54}},"37":{"start":{"line":66,"column":0},"end":{"line":66,"column":5}},"38":{"start":{"line":68,"column":0},"end":{"line":68,"column":36}},"39":{"start":{"line":69,"column":0},"end":{"line":69,"column":57}},"40":{"start":{"line":70,"column":0},"end":{"line":70,"column":5}},"41":{"start":{"line":72,"column":0},"end":{"line":72,"column":110}},"42":{"start":{"line":73,"column":0},"end":{"line":73,"column":62}},"43":{"start":{"line":75,"column":0},"end":{"line":75,"column":77}},"44":{"start":{"line":76,"column":0},"end":{"line":76,"column":5}},"45":{"start":{"line":78,"column":0},"end":{"line":78,"column":41}},"46":{"start":{"line":79,"column":0},"end":{"line":79,"column":44}},"47":{"start":{"line":80,"column":0},"end":{"line":80,"column":35}},"48":{"start":{"line":81,"column":0},"end":{"line":81,"column":5}},"49":{"start":{"line":83,"column":0},"end":{"line":83,"column":28}},"50":{"start":{"line":84,"column":0},"end":{"line":84,"column":44}},"51":{"start":{"line":85,"column":0},"end":{"line":85,"column":5}},"52":{"start":{"line":87,"column":0},"end":{"line":87,"column":31}},"53":{"start":{"line":88,"column":0},"end":{"line":88,"column":38}},"54":{"start":{"line":89,"column":0},"end":{"line":89,"column":64}},"55":{"start":{"line":91,"column":0},"end":{"line":91,"column":27}},"56":{"start":{"line":92,"column":0},"end":{"line":92,"column":82}},"57":{"start":{"line":93,"column":0},"end":{"line":93,"column":18}},"58":{"start":{"line":94,"column":0},"end":{"line":94,"column":9}},"59":{"start":{"line":96,"column":0},"end":{"line":96,"column":29}},"60":{"start":{"line":97,"column":0},"end":{"line":97,"column":33}},"61":{"start":{"line":98,"column":0},"end":{"line":98,"column":33}},"62":{"start":{"line":99,"column":0},"end":{"line":99,"column":33}},"63":{"start":{"line":100,"column":0},"end":{"line":100,"column":35}},"64":{"start":{"line":101,"column":0},"end":{"line":101,"column":37}},"65":{"start":{"line":102,"column":0},"end":{"line":102,"column":10}},"66":{"start":{"line":103,"column":0},"end":{"line":103,"column":5}},"67":{"start":{"line":105,"column":0},"end":{"line":105,"column":53}},"68":{"start":{"line":106,"column":0},"end":{"line":106,"column":84}},"69":{"start":{"line":107,"column":0},"end":{"line":107,"column":5}},"70":{"start":{"line":109,"column":0},"end":{"line":109,"column":13}},"71":{"start":{"line":110,"column":0},"end":{"line":110,"column":31}},"72":{"start":{"line":111,"column":0},"end":{"line":111,"column":5}},"73":{"start":{"line":112,"column":0},"end":{"line":112,"column":1}}},"s":{"0":2,"1":2,"2":2,"3":2,"4":410,"5":410,"6":410,"7":410,"8":410,"9":410,"10":410,"11":410,"12":410,"13":410,"14":410,"15":410,"16":410,"17":410,"18":410,"19":410,"20":410,"21":410,"22":410,"23":410,"24":410,"25":410,"26":410,"27":410,"28":410,"29":410,"30":410,"31":410,"32":410,"33":410,"34":410,"35":410,"36":382,"37":382,"38":410,"39":270,"40":270,"41":410,"42":132,"43":132,"44":132,"45":410,"46":2,"47":2,"48":2,"49":410,"50":2,"51":2,"52":410,"53":114,"54":114,"55":114,"56":2,"57":2,"58":2,"59":112,"60":112,"61":112,"62":112,"63":112,"64":112,"65":112,"66":114,"67":410,"68":114,"69":114,"70":410,"71":14,"72":14,"73":410},"branchMap":{"0":{"type":"branch","line":28,"loc":{"start":{"line":28,"column":7},"end":{"line":112,"column":1}},"locations":[{"start":{"line":28,"column":7},"end":{"line":112,"column":1}}]},"1":{"type":"branch","line":40,"loc":{"start":{"line":40,"column":4},"end":{"line":49,"column":5}},"locations":[{"start":{"line":40,"column":4},"end":{"line":49,"column":5}}]},"2":{"type":"branch","line":51,"loc":{"start":{"line":51,"column":4},"end":{"line":62,"column":5}},"locations":[{"start":{"line":51,"column":4},"end":{"line":62,"column":5}}]},"3":{"type":"branch","line":64,"loc":{"start":{"line":64,"column":4},"end":{"line":66,"column":5}},"locations":[{"start":{"line":64,"column":4},"end":{"line":66,"column":5}}]},"4":{"type":"branch","line":68,"loc":{"start":{"line":68,"column":4},"end":{"line":70,"column":5}},"locations":[{"start":{"line":68,"column":4},"end":{"line":70,"column":5}}]},"5":{"type":"branch","line":72,"loc":{"start":{"line":72,"column":4},"end":{"line":76,"column":5}},"locations":[{"start":{"line":72,"column":4},"end":{"line":76,"column":5}}]},"6":{"type":"branch","line":73,"loc":{"start":{"line":73,"column":21},"end":{"line":73,"column":61}},"locations":[{"start":{"line":73,"column":21},"end":{"line":73,"column":61}}]},"7":{"type":"branch","line":73,"loc":{"start":{"line":73,"column":43},"end":{"line":73,"column":62}},"locations":[{"start":{"line":73,"column":43},"end":{"line":73,"column":62}}]},"8":{"type":"branch","line":78,"loc":{"start":{"line":78,"column":4},"end":{"line":81,"column":5}},"locations":[{"start":{"line":78,"column":4},"end":{"line":81,"column":5}}]},"9":{"type":"branch","line":83,"loc":{"start":{"line":83,"column":4},"end":{"line":85,"column":5}},"locations":[{"start":{"line":83,"column":4},"end":{"line":85,"column":5}}]},"10":{"type":"branch","line":87,"loc":{"start":{"line":87,"column":4},"end":{"line":103,"column":5}},"locations":[{"start":{"line":87,"column":4},"end":{"line":103,"column":5}}]},"11":{"type":"branch","line":91,"loc":{"start":{"line":91,"column":26},"end":{"line":94,"column":9}},"locations":[{"start":{"line":91,"column":26},"end":{"line":94,"column":9}}]},"12":{"type":"branch","line":94,"loc":{"start":{"line":94,"column":8},"end":{"line":102,"column":10}},"locations":[{"start":{"line":94,"column":8},"end":{"line":102,"column":10}}]},"13":{"type":"branch","line":105,"loc":{"start":{"line":105,"column":12},"end":{"line":107,"column":5}},"locations":[{"start":{"line":105,"column":12},"end":{"line":107,"column":5}}]},"14":{"type":"branch","line":106,"loc":{"start":{"line":106,"column":38},"end":{"line":106,"column":82}},"locations":[{"start":{"line":106,"column":38},"end":{"line":106,"column":82}}]},"15":{"type":"branch","line":109,"loc":{"start":{"line":109,"column":4},"end":{"line":111,"column":5}},"locations":[{"start":{"line":109,"column":4},"end":{"line":111,"column":5}}]}},"b":{"0":[410],"1":[410],"2":[410],"3":[382],"4":[270],"5":[132],"6":[14],"7":[118],"8":[2],"9":[2],"10":[114],"11":[2],"12":[112],"13":[114],"14":[1346],"15":[14]},"fnMap":{"0":{"name":"<instance_members_initializer>","decl":{"start":{"line":28,"column":7},"end":{"line":112,"column":1}},"loc":{"start":{"line":28,"column":7},"end":{"line":112,"column":1}},"line":28},"1":{"name":"Cpu","decl":{"start":{"line":40,"column":4},"end":{"line":49,"column":5}},"loc":{"start":{"line":40,"column":4},"end":{"line":49,"column":5}},"line":40},"2":{"name":"get context","decl":{"start":{"line":51,"column":4},"end":{"line":62,"column":5}},"loc":{"start":{"line":51,"column":4},"end":{"line":62,"column":5}},"line":51},"3":{"name":"getCurrentAddress","decl":{"start":{"line":64,"column":4},"end":{"line":66,"column":5}},"loc":{"start":{"line":64,"column":4},"end":{"line":66,"column":5}},"line":64},"4":{"name":"jumpToAddress","decl":{"start":{"line":68,"column":4},"end":{"line":70,"column":5}},"loc":{"start":{"line":68,"column":4},"end":{"line":70,"column":5}},"line":68},"5":{"name":"goToNextInstruction","decl":{"start":{"line":72,"column":4},"end":{"line":76,"column":5}},"loc":{"start":{"line":72,"column":4},"end":{"line":76,"column":5}},"line":72},"6":{"name":"callSubroutine","decl":{"start":{"line":78,"column":4},"end":{"line":81,"column":5}},"loc":{"start":{"line":78,"column":4},"end":{"line":81,"column":5}},"line":78},"7":{"name":"returnFromSubroutine","decl":{"start":{"line":83,"column":4},"end":{"line":85,"column":5}},"loc":{"start":{"line":83,"column":4},"end":{"line":85,"column":5}},"line":83},"8":{"name":"interpret","decl":{"start":{"line":87,"column":4},"end":{"line":103,"column":5}},"loc":{"start":{"line":87,"column":4},"end":{"line":103,"column":5}},"line":87},"9":{"name":"findMatchingInstruction","decl":{"start":{"line":105,"column":12},"end":{"line":107,"column":5}},"loc":{"start":{"line":105,"column":12},"end":{"line":107,"column":5}},"line":105},"10":{"name":"reset","decl":{"start":{"line":109,"column":4},"end":{"line":111,"column":5}},"loc":{"start":{"line":109,"column":4},"end":{"line":111,"column":5}},"line":109}},"f":{"0":410,"1":410,"2":410,"3":382,"4":270,"5":132,"6":2,"7":2,"8":114,"9":114,"10":14}}
,"/home/runner/work/chip8/chip8/packages/chip8/src/emulator.ts": {"path":"/home/runner/work/chip8/chip8/packages/chip8/src/emulator.ts","all":false,"statementMap":{"0":{"start":{"line":8,"column":0},"end":{"line":8,"column":56}},"1":{"start":{"line":9,"column":0},"end":{"line":9,"column":37}},"2":{"start":{"line":11,"column":0},"end":{"line":11,"column":38}},"3":{"start":{"line":12,"column":0},"end":{"line":12,"column":34}},"4":{"start":{"line":13,"column":0},"end":{"line":13,"column":33}},"5":{"start":{"line":26,"column":0},"end":{"line":26,"column":19}},"6":{"start":{"line":27,"column":0},"end":{"line":27,"column":16}},"7":{"start":{"line":28,"column":0},"end":{"line":28,"column":30}},"8":{"start":{"line":29,"column":0},"end":{"line":29,"column":24}},"9":{"start":{"line":30,"column":0},"end":{"line":30,"column":22}},"10":{"start":{"line":33,"column":0},"end":{"line":33,"column":23}},"11":{"start":{"line":34,"column":0},"end":{"line":34,"column":20}},"12":{"start":{"line":35,"column":0},"end":{"line":35,"column":29}},"13":{"start":{"line":36,"column":0},"end":{"line":36,"column":23}},"14":{"start":{"line":37,"column":0},"end":{"line":37,"column":31}},"15":{"start":{"line":38,"column":0},"end":{"line":38,"column":25}},"16":{"start":{"line":39,"column":0},"end":{"line":39,"column":23}},"17":{"start":{"line":40,"column":0},"end":{"line":40,"column":28}},"18":{"start":{"line":41,"column":0},"end":{"line":41,"column":28}},"19":{"start":{"line":43,"column":0},"end":{"line":43,"column":43}},"20":{"start":{"line":44,"column":0},"end":{"line":44,"column":35}},"21":{"start":{"line":45,"column":0},"end":{"line":45,"column":68}},"22":{"start":{"line":47,"column":0},"end":{"line":47,"column":41}},"23":{"start":{"line":48,"column":0},"end":{"line":48,"column":29}},"24":{"start":{"line":49,"column":0},"end":{"line":49,"column":39}},"25":{"start":{"line":50,"column":0},"end":{"line":50,"column":33}},"26":{"start":{"line":51,"column":0},"end":{"line":51,"column":41}},"27":{"start":{"line":52,"column":0},"end":{"line":52,"column":35}},"28":{"start":{"line":53,"column":0},"end":{"line":53,"column":33}},"29":{"start":{"line":54,"column":0},"end":{"line":54,"column":43}},"30":{"start":{"line":55,"column":0},"end":{"line":55,"column":43}},"31":{"start":{"line":56,"column":0},"end":{"line":56,"column":47}},"32":{"start":{"line":57,"column":0},"end":{"line":57,"column":5}},"33":{"start":{"line":59,"column":0},"end":{"line":59,"column":31}},"34":{"start":{"line":60,"column":0},"end":{"line":60,"column":20}},"35":{"start":{"line":61,"column":0},"end":{"line":61,"column":37}},"36":{"start":{"line":62,"column":0},"end":{"line":62,"column":37}},"37":{"start":{"line":63,"column":0},"end":{"line":63,"column":47}},"38":{"start":{"line":64,"column":0},"end":{"line":64,"column":37}},"39":{"start":{"line":65,"column":0},"end":{"line":65,"column":5}},"40":{"start":{"line":67,"column":0},"end":{"line":67,"column":34}},"41":{"start":{"line":68,"column":0},"end":{"line":68,"column":34}},"42":{"start":{"line":70,"column":0},"end":{"line":70,"column":21}},"43":{"start":{"line":71,"column":0},"end":{"line":71,"column":18}},"44":{"start":{"line":72,"column":0},"end":{"line":72,"column":9}},"45":{"start":{"line":74,"column":0},"end":{"line":74,"column":61}},"46":{"start":{"line":76,"column":0},"end":{"line":76,"column":45}},"47":{"start":{"line":77,"column":0},"end":{"line":77,"column":66}},"48":{"start":{"line":78,"column":0},"end":{"line":78,"column":47}},"49":{"start":{"line":79,"column":0},"end":{"line":79,"column":39}},"50":{"start":{"line":80,"column":0},"end":{"line":80,"column":23}},"51":{"start":{"line":81,"column":0},"end":{"line":81,"column":13}},"52":{"start":{"line":83,"column":0},"end":{"line":83,"column":60}},"53":{"start":{"line":84,"column":0},"end":{"line":84,"column":45}},"54":{"start":{"line":85,"column":0},"end":{"line":85,"column":13}},"55":{"start":{"line":87,"column":0},"end":{"line":87,"column":32}},"56":{"start":{"line":88,"column":0},"end":{"line":88,"column":24}},"57":{"start":{"line":89,"column":0},"end":{"line":89,"column":5}},"58":{"start":{"line":91,"column":0},"end":{"line":91,"column":37}},"59":{"start":{"line":92,"column":0},"end":{"line":92,"column":45}},"60":{"start":{"line":94,"column":0},"end":{"line":94,"column":35}},"61":{"start":{"line":96,"column":0},"end":{"line":96,"column":32}},"62":{"start":{"line":97,"column":0},"end":{"line":97,"column":5}},"63":{"start":{"line":99,"column":0},"end":{"line":99,"column":30}},"64":{"start":{"line":100,"column":0},"end":{"line":100,"column":72}},"65":{"start":{"line":101,"column":0},"end":{"line":101,"column":77}},"66":{"start":{"line":103,"column":0},"end":{"line":103,"column":51}},"67":{"start":{"line":104,"column":0},"end":{"line":104,"column":5}},"68":{"start":{"line":106,"column":0},"end":{"line":106,"column":20}},"69":{"start":{"line":107,"column":0},"end":{"line":107,"column":30}},"70":{"start":{"line":108,"column":0},"end":{"line":108,"column":30}},"71":{"start":{"line":109,"column":0},"end":{"line":109,"column":5}},"72":{"start":{"line":111,"column":0},"end":{"line":111,"column":13}},"73":{"start":{"line":112,"column":0},"end":{"line":112,"column":27}},"74":{"start":{"line":113,"column":0},"end":{"line":113,"column":35}},"75":{"start":{"line":114,"column":0},"end":{"line":114,"column":26}},"76":{"start":{"line":115,"column":0},"end":{"line":115,"column":30}},"77":{"start":{"line":116,"column":0},"end":{"line":116,"column":24}},"78":{"start":{"line":117,"column":0},"end":{"line":117,"column":26}},"79":{"start":{"line":118,"column":0},"end":{"line":118,"column":31}},"80":{"start":{"line":119,"column":0},"end":{"line":119,"column":31}},"81":{"start":{"line":120,"column":0},"end":{"line":120,"column":30}},"82":{"start":{"line":121,"column":0},"end":{"line":121,"column":30}},"83":{"start":{"line":122,"column":0},"end":{"line":122,"column":5}},"84":{"start":{"line":123,"column":0},"end":{"line":123,"column":1}}},"s":{"0":2,"1":2,"2":2,"3":2,"4":2,"5":2,"6":2,"7":2,"8":2,"9":2,"10":2,"11":16,"12":16,"13":16,"14":16,"15":16,"16":16,"17":16,"18":16,"19":16,"20":16,"21":16,"22":16,"23":16,"24":16,"25":16,"26":16,"27":16,"28":16,"29":16,"30":16,"31":16,"32":16,"33":16,"34":12,"35":12,"36":12,"37":12,"38":12,"39":12,"40":16,"41":8,"42":8,"43":2,"44":2,"45":6,"46":6,"47":8,"48":4,"49":4,"50":4,"51":4,"52":8,"53":40,"54":40,"55":4,"56":6,"57":8,"58":16,"59":42,"60":42,"61":42,"62":42,"63":16,"64":72,"65":72,"66":72,"67":72,"68":16,"69":8,"70":8,"71":8,"72":16,"73":14,"74":14,"75":14,"76":14,"77":14,"78":14,"79":14,"80":14,"81":14,"82":14,"83":14,"84":16},"branchMap":{"0":{"type":"branch","line":26,"loc":{"start":{"line":26,"column":7},"end":{"line":26,"column":19}},"locations":[{"start":{"line":26,"column":7},"end":{"line":26,"column":19}}]},"1":{"type":"branch","line":33,"loc":{"start":{"line":33,"column":7},"end":{"line":123,"column":1}},"locations":[{"start":{"line":33,"column":7},"end":{"line":123,"column":1}}]},"2":{"type":"branch","line":47,"loc":{"start":{"line":47,"column":4},"end":{"line":57,"column":5}},"locations":[{"start":{"line":47,"column":4},"end":{"line":57,"column":5}}]},"3":{"type":"branch","line":59,"loc":{"start":{"line":59,"column":4},"end":{"line":65,"column":5}},"locations":[{"start":{"line":59,"column":4},"end":{"line":65,"column":5}}]},"4":{"type":"branch","line":67,"loc":{"start":{"line":67,"column":4},"end":{"line":89,"column":5}},"locations":[{"start":{"line":67,"column":4},"end":{"line":89,"column":5}}]},"5":{"type":"branch","line":70,"loc":{"start":{"line":70,"column":20},"end":{"line":72,"column":9}},"locations":[{"start":{"line":70,"column":20},"end":{"line":72,"column":9}}]},"6":{"type":"branch","line":72,"loc":{"start":{"line":72,"column":8},"end":{"line":88,"column":24}},"locations":[{"start":{"line":72,"column":8},"end":{"line":88,"column":24}}]},"7":{"type":"branch","line":76,"loc":{"start":{"line":76,"column":38},"end":{"line":88,"column":11}},"locations":[{"start":{"line":76,"column":38},"end":{"line":88,"column":11}}]},"8":{"type":"branch","line":77,"loc":{"start":{"line":77,"column":31},"end":{"line":77,"column":65}},"locations":[{"start":{"line":77,"column":31},"end":{"line":77,"column":65}}]},"9":{"type":"branch","line":77,"loc":{"start":{"line":77,"column":65},"end":{"line":83,"column":59}},"locations":[{"start":{"line":77,"column":65},"end":{"line":83,"column":59}}]},"10":{"type":"branch","line":83,"loc":{"start":{"line":83,"column":59},"end":{"line":85,"column":13}},"locations":[{"start":{"line":83,"column":59},"end":{"line":85,"column":13}}]},"11":{"type":"branch","line":85,"loc":{"start":{"line":85,"column":12},"end":{"line":87,"column":32}},"locations":[{"start":{"line":85,"column":12},"end":{"line":87,"column":32}}]},"12":{"type":"branch","line":91,"loc":{"start":{"line":91,"column":11},"end":{"line":97,"column":5}},"locations":[{"start":{"line":91,"column":11},"end":{"line":97,"column":5}}]},"13":{"type":"branch","line":99,"loc":{"start":{"line":99,"column":4},"end":{"line":104,"column":5}},"locations":[{"start":{"line":99,"column":4},"end":{"line":104,"column":5}}]},"14":{"type":"branch","line":106,"loc":{"start":{"line":106,"column":4},"end":{"line":109,"column":5}},"locations":[{"start":{"line":106,"column":4},"end":{"line":109,"column":5}}]},"15":{"type":"branch","line":111,"loc":{"start":{"line":111,"column":4},"end":{"line":122,"column":5}},"locations":[{"start":{"line":111,"column":4},"end":{"line":122,"column":5}}]}},"b":{"0":[6],"1":[16],"2":[16],"3":[12],"4":[8],"5":[2],"6":[6],"7":[8],"8":[4],"9":[4],"10":[40],"11":[4],"12":[42],"13":[72],"14":[8],"15":[14]},"fnMap":{"0":{"name":"<instance_members_initializer>","decl":{"start":{"line":33,"column":7},"end":{"line":123,"column":1}},"loc":{"start":{"line":33,"column":7},"end":{"line":123,"column":1}},"line":33},"1":{"name":"Emulator","decl":{"start":{"line":47,"column":4},"end":{"line":57,"column":5}},"loc":{"start":{"line":47,"column":4},"end":{"line":57,"column":5}},"line":47},"2":{"name":"loadROM","decl":{"start":{"line":59,"column":4},"end":{"line":65,"column":5}},"loc":{"start":{"line":59,"column":4},"end":{"line":65,"column":5}},"line":59},"3":{"name":"run","decl":{"start":{"line":67,"column":4},"end":{"line":89,"column":5}},"loc":{"start":{"line":67,"column":4},"end":{"line":89,"column":5}},"line":67},"4":{"name":"executeNextInstruction","decl":{"start":{"line":91,"column":11},"end":{"line":97,"column":5}},"loc":{"start":{"line":91,"column":11},"end":{"line":97,"column":5}},"line":91},"5":{"name":"readNextOpcode","decl":{"start":{"line":99,"column":4},"end":{"line":104,"column":5}},"loc":{"start":{"line":99,"column":4},"end":{"line":104,"column":5}},"line":99},"6":{"name":"updateTimers","decl":{"start":{"line":106,"column":4},"end":{"line":109,"column":5}},"loc":{"start":{"line":106,"column":4},"end":{"line":109,"column":5}},"line":106},"7":{"name":"reset","decl":{"start":{"line":111,"column":4},"end":{"line":122,"column":5}},"loc":{"start":{"line":111,"column":4},"end":{"line":122,"column":5}},"line":111}},"f":{"0":16,"1":16,"2":12,"3":8,"4":42,"5":72,"6":8,"7":14}}
,"/home/runner/work/chip8/chip8/packages/chip8/src/graphics.ts": {"path":"/home/runner/work/chip8/chip8/packages/chip8/src/graphics.ts","all":false,"statementMap":{"0":{"start":{"line":1,"column":0},"end":{"line":1,"column":55}},"1":{"start":{"line":4,"column":0},"end":{"line":4,"column":27}},"2":{"start":{"line":5,"column":0},"end":{"line":5,"column":28}},"3":{"start":{"line":8,"column":0},"end":{"line":8,"column":23}},"4":{"start":{"line":9,"column":0},"end":{"line":9,"column":24}},"5":{"start":{"line":11,"column":0},"end":{"line":11,"column":23}},"6":{"start":{"line":12,"column":0},"end":{"line":12,"column":39}},"7":{"start":{"line":14,"column":0},"end":{"line":14,"column":29}},"8":{"start":{"line":15,"column":0},"end":{"line":15,"column":27}},"9":{"start":{"line":16,"column":0},"end":{"line":16,"column":5}},"10":{"start":{"line":18,"column":0},"end":{"line":18,"column":19}},"11":{"start":{"line":19,"column":0},"end":{"line":19,"column":108}},"12":{"start":{"line":20,"column":0},"end":{"line":20,"column":5}},"13":{"start":{"line":22,"column":0},"end":{"line":22,"column":19}},"14":{"start":{"line":23,"column":0},"end":{"line":23,"column":35}},"15":{"start":{"line":24,"column":0},"end":{"line":24,"column":5}},"16":{"start":{"line":26,"column":0},"end":{"line":26,"column":30}},"17":{"start":{"line":27,"column":0},"end":{"line":27,"column":54}},"18":{"start":{"line":28,"column":0},"end":{"line":28,"column":5}},"19":{"start":{"line":30,"column":0},"end":{"line":30,"column":52}},"20":{"start":{"line":31,"column":0},"end":{"line":31,"column":37}},"21":{"start":{"line":33,"column":0},"end":{"line":33,"column":49}},"22":{"start":{"line":34,"column":0},"end":{"line":34,"column":35}},"23":{"start":{"line":35,"column":0},"end":{"line":35,"column":51}},"24":{"start":{"line":36,"column":0},"end":{"line":36,"column":51}},"25":{"start":{"line":37,"column":0},"end":{"line":37,"column":13}},"26":{"start":{"line":39,"column":0},"end":{"line":39,"column":79}},"27":{"start":{"line":40,"column":0},"end":{"line":40,"column":71}},"28":{"start":{"line":41,"column":0},"end":{"line":41,"column":9}},"29":{"start":{"line":43,"column":0},"end":{"line":43,"column":52}},"30":{"start":{"line":44,"column":0},"end":{"line":44,"column":5}},"31":{"start":{"line":46,"column":0},"end":{"line":46,"column":49}},"32":{"start":{"line":47,"column":0},"end":{"line":47,"column":50}},"33":{"start":{"line":49,"column":0},"end":{"line":49,"column":72}},"34":{"start":{"line":51,"column":0},"end":{"line":51,"column":88}},"35":{"start":{"line":52,"column":0},"end":{"line":52,"column":5}},"36":{"start":{"line":54,"column":0},"end":{"line":54,"column":43}},"37":{"start":{"line":55,"column":0},"end":{"line":55,"column":33}},"38":{"start":{"line":56,"column":0},"end":{"line":56,"column":5}},"39":{"start":{"line":58,"column":0},"end":{"line":58,"column":48}},"40":{"start":{"line":59,"column":0},"end":{"line":59,"column":52}},"41":{"start":{"line":60,"column":0},"end":{"line":60,"column":5}},"42":{"start":{"line":61,"column":0},"end":{"line":61,"column":1}}},"s":{"0":2,"1":2,"2":2,"3":2,"4":2,"5":2,"6":362,"7":362,"8":6,"9":6,"10":362,"11":362,"12":362,"13":362,"14":22,"15":22,"16":362,"17":26,"18":26,"19":362,"20":10,"21":10,"22":160,"23":160,"24":160,"25":160,"26":160,"27":160,"28":160,"29":10,"30":10,"31":362,"32":182,"33":182,"34":182,"35":182,"36":362,"37":224,"38":224,"39":362,"40":190,"41":190,"42":362},"branchMap":{"0":{"type":"branch","line":11,"loc":{"start":{"line":11,"column":7},"end":{"line":61,"column":1}},"locations":[{"start":{"line":11,"column":7},"end":{"line":61,"column":1}}]},"1":{"type":"branch","line":14,"loc":{"start":{"line":14,"column":4},"end":{"line":16,"column":5}},"locations":[{"start":{"line":14,"column":4},"end":{"line":16,"column":5}}]},"2":{"type":"branch","line":18,"loc":{"start":{"line":18,"column":4},"end":{"line":20,"column":5}},"locations":[{"start":{"line":18,"column":4},"end":{"line":20,"column":5}}]},"3":{"type":"branch","line":19,"loc":{"start":{"line":19,"column":54},"end":{"line":19,"column":107}},"locations":[{"start":{"line":19,"column":54},"end":{"line":19,"column":107}}]},"4":{"type":"branch","line":19,"loc":{"start":{"line":19,"column":90},"end":{"line":19,"column":106}},"locations":[{"start":{"line":19,"column":90},"end":{"line":19,"column":106}}]},"5":{"type":"branch","line":22,"loc":{"start":{"line":22,"column":4},"end":{"line":24,"column":5}},"locations":[{"start":{"line":22,"column":4},"end":{"line":24,"column":5}}]},"6":{"type":"branch","line":26,"loc":{"start":{"line":26,"column":4},"end":{"line":28,"column":5}},"locations":[{"start":{"line":26,"column":4},"end":{"line":28,"column":5}}]},"7":{"type":"branch","line":27,"loc":{"start":{"line":27,"column":29},"end":{"line":27,"column":53}},"locations":[{"start":{"line":27,"column":29},"end":{"line":27,"column":53}}]},"8":{"type":"branch","line":30,"loc":{"start":{"line":30,"column":4},"end":{"line":44,"column":5}},"locations":[{"start":{"line":30,"column":4},"end":{"line":44,"column":5}}]},"9":{"type":"branch","line":33,"loc":{"start":{"line":33,"column":48},"end":{"line":41,"column":9}},"locations":[{"start":{"line":33,"column":48},"end":{"line":41,"column":9}}]},"10":{"type":"branch","line":40,"loc":{"start":{"line":40,"column":32},"end":{"line":40,"column":71}},"locations":[{"start":{"line":40,"column":32},"end":{"line":40,"column":71}}]},"11":{"type":"branch","line":46,"loc":{"start":{"line":46,"column":4},"end":{"line":52,"column":5}},"locations":[{"start":{"line":46,"column":4},"end":{"line":52,"column":5}}]},"12":{"type":"branch","line":51,"loc":{"start":{"line":51,"column":50},"end":{"line":51,"column":87}},"locations":[{"start":{"line":51,"column":50},"end":{"line":51,"column":87}}]},"13":{"type":"branch","line":54,"loc":{"start":{"line":54,"column":4},"end":{"line":56,"column":5}},"locations":[{"start":{"line":54,"column":4},"end":{"line":56,"column":5}}]},"14":{"type":"branch","line":58,"loc":{"start":{"line":58,"column":4},"end":{"line":60,"column":5}},"locations":[{"start":{"line":58,"column":4},"end":{"line":60,"column":5}}]}},"b":{"0":[362],"1":[6],"2":[362],"3":[11584],"4":[741376],"5":[22],"6":[26],"7":[832],"8":[10],"9":[160],"10":[100],"11":[182],"12":[10],"13":[224],"14":[190]},"fnMap":{"0":{"name":"<instance_members_initializer>","decl":{"start":{"line":11,"column":7},"end":{"line":61,"column":1}},"loc":{"start":{"line":11,"column":7},"end":{"line":61,"column":1}},"line":11},"1":{"name":"get pixels","decl":{"start":{"line":14,"column":4},"end":{"line":16,"column":5}},"loc":{"start":{"line":14,"column":4},"end":{"line":16,"column":5}},"line":14},"2":{"name":"Graphics","decl":{"start":{"line":18,"column":4},"end":{"line":20,"column":5}},"loc":{"start":{"line":18,"column":4},"end":{"line":20,"column":5}},"line":18},"3":{"name":"clearScreen","decl":{"start":{"line":22,"column":4},"end":{"line":24,"column":5}},"loc":{"start":{"line":22,"column":4},"end":{"line":24,"column":5}},"line":22},"4":{"name":"fillScreen","decl":{"start":{"line":26,"column":4},"end":{"line":28,"column":5}},"loc":{"start":{"line":26,"column":4},"end":{"line":28,"column":5}},"line":26},"5":{"name":"drawSprite","decl":{"start":{"line":30,"column":4},"end":{"line":44,"column":5}},"loc":{"start":{"line":30,"column":4},"end":{"line":44,"column":5}},"line":30},"6":{"name":"drawPixel","decl":{"start":{"line":46,"column":4},"end":{"line":52,"column":5}},"loc":{"start":{"line":46,"column":4},"end":{"line":52,"column":5}},"line":46},"7":{"name":"getPixelAt","decl":{"start":{"line":54,"column":4},"end":{"line":56,"column":5}},"loc":{"start":{"line":54,"column":4},"end":{"line":56,"column":5}},"line":54},"8":{"name":"mergePixels","decl":{"start":{"line":58,"column":4},"end":{"line":60,"column":5}},"loc":{"start":{"line":58,"column":4},"end":{"line":60,"column":5}},"line":58}},"f":{"0":362,"1":6,"2":362,"3":22,"4":26,"5":10,"6":182,"7":224,"8":190}}
,"/home/runner/work/chip8/chip8/packages/chip8/src/index.ts": {"path":"/home/runner/work/chip8/chip8/packages/chip8/src/index.ts","all":false,"statementMap":{"0":{"start":{"line":1,"column":0},"end":{"line":1,"column":24}},"1":{"start":{"line":2,"column":0},"end":{"line":2,"column":29}},"2":{"start":{"line":3,"column":0},"end":{"line":3,"column":29}},"3":{"start":{"line":4,"column":0},"end":{"line":4,"column":26}},"4":{"start":{"line":5,"column":0},"end":{"line":5,"column":27}},"5":{"start":{"line":6,"column":0},"end":{"line":6,"column":27}},"6":{"start":{"line":7,"column":0},"end":{"line":7,"column":30}},"7":{"start":{"line":8,"column":0},"end":{"line":8,"column":27}},"8":{"start":{"line":9,"column":0},"end":{"line":9,"column":26}},"9":{"start":{"line":10,"column":0},"end":{"line":10,"column":27}}},"s":{"0":2,"1":2,"2":2,"3":2,"4":2,"5":2,"6":2,"7":2,"8":2,"9":2},"branchMap":{},"b":{},"fnMap":{},"f":{}}
,"/home/runner/work/chip8/chip8/packages/chip8/src/input.ts": {"path":"/home/runner/work/chip8/chip8/packages/chip8/src/input.ts","all":false,"statementMap":{"0":{"start":{"line":1,"column":0},"end":{"line":1,"column":26}},"1":{"start":{"line":3,"column":0},"end":{"line":3,"column":20}},"2":{"start":{"line":4,"column":0},"end":{"line":4,"column":66}},"3":{"start":{"line":5,"column":0},"end":{"line":5,"column":46}},"4":{"start":{"line":7,"column":0},"end":{"line":7,"column":16}},"5":{"start":{"line":8,"column":0},"end":{"line":8,"column":25}},"6":{"start":{"line":9,"column":0},"end":{"line":9,"column":5}},"7":{"start":{"line":11,"column":0},"end":{"line":11,"column":28}},"8":{"start":{"line":12,"column":0},"end":{"line":12,"column":32}},"9":{"start":{"line":13,"column":0},"end":{"line":13,"column":5}},"10":{"start":{"line":15,"column":0},"end":{"line":15,"column":24}},"11":{"start":{"line":16,"column":0},"end":{"line":16,"column":30}},"12":{"start":{"line":17,"column":0},"end":{"line":17,"column":30}},"13":{"start":{"line":18,"column":0},"end":{"line":18,"column":32}},"14":{"start":{"line":19,"column":0},"end":{"line":19,"column":34}},"15":{"start":{"line":20,"column":0},"end":{"line":20,"column":9}},"16":{"start":{"line":21,"column":0},"end":{"line":21,"column":5}},"17":{"start":{"line":23,"column":0},"end":{"line":23,"column":26}},"18":{"start":{"line":24,"column":0},"end":{"line":24,"column":31}},"19":{"start":{"line":25,"column":0},"end":{"line":25,"column":5}},"20":{"start":{"line":27,"column":0},"end":{"line":27,"column":28}},"21":{"start":{"line":28,"column":0},"end":{"line":28,"column":30}},"22":{"start":{"line":29,"column":0},"end":{"line":29,"column":5}},"23":{"start":{"line":31,"column":0},"end":{"line":31,"column":20}},"24":{"start":{"line":32,"column":0},"end":{"line":32,"column":59}},"25":{"start":{"line":33,"column":0},"end":{"line":33,"column":37}},"26":{"start":{"line":34,"column":0},"end":{"line":34,"column":10}},"27":{"start":{"line":35,"column":0},"end":{"line":35,"column":5}},"28":{"start":{"line":37,"column":0},"end":{"line":37,"column":13}},"29":{"start":{"line":38,"column":0},"end":{"line":38,"column":30}},"30":{"start":{"line":39,"column":0},"end":{"line":39,"column":30}},"31":{"start":{"line":40,"column":0},"end":{"line":40,"column":5}},"32":{"start":{"line":41,"column":0},"end":{"line":41,"column":1}}},"s":{"0":2,"1":2,"2":350,"3":350,"4":350,"5":2,"6":2,"7":350,"8":4,"9":4,"10":350,"11":14,"12":14,"13":4,"14":4,"15":4,"16":14,"17":350,"18":6,"19":6,"20":350,"21":16,"22":16,"23":350,"24":4,"25":4,"26":4,"27":4,"28":350,"29":14,"30":14,"31":14,"32":350},"branchMap":{"0":{"type":"branch","line":3,"loc":{"start":{"line":3,"column":7},"end":{"line":41,"column":1}},"locations":[{"start":{"line":3,"column":7},"end":{"line":41,"column":1}}]},"1":{"type":"branch","line":7,"loc":{"start":{"line":7,"column":4},"end":{"line":9,"column":5}},"locations":[{"start":{"line":7,"column":4},"end":{"line":9,"column":5}}]},"2":{"type":"branch","line":11,"loc":{"start":{"line":11,"column":4},"end":{"line":13,"column":5}},"locations":[{"start":{"line":11,"column":4},"end":{"line":13,"column":5}}]},"3":{"type":"branch","line":15,"loc":{"start":{"line":15,"column":4},"end":{"line":21,"column":5}},"locations":[{"start":{"line":15,"column":4},"end":{"line":21,"column":5}}]},"4":{"type":"branch","line":17,"loc":{"start":{"line":17,"column":29},"end":{"line":20,"column":9}},"locations":[{"start":{"line":17,"column":29},"end":{"line":20,"column":9}}]},"5":{"type":"branch","line":23,"loc":{"start":{"line":23,"column":4},"end":{"line":25,"column":5}},"locations":[{"start":{"line":23,"column":4},"end":{"line":25,"column":5}}]},"6":{"type":"branch","line":27,"loc":{"start":{"line":27,"column":4},"end":{"line":29,"column":5}},"locations":[{"start":{"line":27,"column":4},"end":{"line":29,"column":5}}]},"7":{"type":"branch","line":31,"loc":{"start":{"line":31,"column":4},"end":{"line":35,"column":5}},"locations":[{"start":{"line":31,"column":4},"end":{"line":35,"column":5}}]},"8":{"type":"branch","line":32,"loc":{"start":{"line":32,"column":35},"end":{"line":34,"column":9}},"locations":[{"start":{"line":32,"column":35},"end":{"line":34,"column":9}}]},"9":{"type":"branch","line":37,"loc":{"start":{"line":37,"column":4},"end":{"line":40,"column":5}},"locations":[{"start":{"line":37,"column":4},"end":{"line":40,"column":5}}]}},"b":{"0":[350],"1":[2],"2":[4],"3":[14],"4":[4],"5":[6],"6":[16],"7":[4],"8":[4],"9":[14]},"fnMap":{"0":{"name":"<instance_members_initializer>","decl":{"start":{"line":3,"column":7},"end":{"line":41,"column":1}},"loc":{"start":{"line":3,"column":7},"end":{"line":41,"column":1}},"line":3},"1":{"name":"get keys","decl":{"start":{"line":7,"column":4},"end":{"line":9,"column":5}},"loc":{"start":{"line":7,"column":4},"end":{"line":9,"column":5}},"line":7},"2":{"name":"get isAwaitingForKey","decl":{"start":{"line":11,"column":4},"end":{"line":13,"column":5}},"loc":{"start":{"line":11,"column":4},"end":{"line":13,"column":5}},"line":11},"3":{"name":"press","decl":{"start":{"line":15,"column":4},"end":{"line":21,"column":5}},"loc":{"start":{"line":15,"column":4},"end":{"line":21,"column":5}},"line":15},"4":{"name":"release","decl":{"start":{"line":23,"column":4},"end":{"line":25,"column":5}},"loc":{"start":{"line":23,"column":4},"end":{"line":25,"column":5}},"line":23},"5":{"name":"isPressed","decl":{"start":{"line":27,"column":4},"end":{"line":29,"column":5}},"loc":{"start":{"line":27,"column":4},"end":{"line":29,"column":5}},"line":27},"6":{"name":"waitForPress","decl":{"start":{"line":31,"column":4},"end":{"line":35,"column":5}},"loc":{"start":{"line":31,"column":4},"end":{"line":35,"column":5}},"line":31},"7":{"name":"reset","decl":{"start":{"line":37,"column":4},"end":{"line":40,"column":5}},"loc":{"start":{"line":37,"column":4},"end":{"line":40,"column":5}},"line":37}},"f":{"0":350,"1":2,"2":4,"3":14,"4":6,"5":16,"6":4,"7":14}}
,"/home/runner/work/chip8/chip8/packages/chip8/src/memory.ts": {"path":"/home/runner/work/chip8/chip8/packages/chip8/src/memory.ts","all":false,"statementMap":{"0":{"start":{"line":2,"column":0},"end":{"line":2,"column":37}},"1":{"start":{"line":3,"column":0},"end":{"line":3,"column":51}},"2":{"start":{"line":5,"column":0},"end":{"line":5,"column":32}},"3":{"start":{"line":7,"column":0},"end":{"line":7,"column":21}},"4":{"start":{"line":8,"column":0},"end":{"line":8,"column":42}},"5":{"start":{"line":9,"column":0},"end":{"line":9,"column":74}},"6":{"start":{"line":11,"column":0},"end":{"line":11,"column":21}},"7":{"start":{"line":12,"column":0},"end":{"line":12,"column":30}},"8":{"start":{"line":13,"column":0},"end":{"line":13,"column":5}},"9":{"start":{"line":15,"column":0},"end":{"line":15,"column":39}},"10":{"start":{"line":16,"column":0},"end":{"line":16,"column":34}},"11":{"start":{"line":17,"column":0},"end":{"line":17,"column":26}},"12":{"start":{"line":18,"column":0},"end":{"line":18,"column":5}},"13":{"start":{"line":20,"column":0},"end":{"line":20,"column":19}},"14":{"start":{"line":21,"column":0},"end":{"line":21,"column":34}},"15":{"start":{"line":22,"column":0},"end":{"line":22,"column":46}},"16":{"start":{"line":23,"column":0},"end":{"line":23,"column":46}},"17":{"start":{"line":24,"column":0},"end":{"line":24,"column":46}},"18":{"start":{"line":25,"column":0},"end":{"line":25,"column":46}},"19":{"start":{"line":26,"column":0},"end":{"line":26,"column":46}},"20":{"start":{"line":27,"column":0},"end":{"line":27,"column":46}},"21":{"start":{"line":28,"column":0},"end":{"line":28,"column":46}},"22":{"start":{"line":29,"column":0},"end":{"line":29,"column":46}},"23":{"start":{"line":30,"column":0},"end":{"line":30,"column":46}},"24":{"start":{"line":31,"column":0},"end":{"line":31,"column":46}},"25":{"start":{"line":32,"column":0},"end":{"line":32,"column":46}},"26":{"start":{"line":33,"column":0},"end":{"line":33,"column":46}},"27":{"start":{"line":34,"column":0},"end":{"line":34,"column":46}},"28":{"start":{"line":35,"column":0},"end":{"line":35,"column":46}},"29":{"start":{"line":36,"column":0},"end":{"line":36,"column":46}},"30":{"start":{"line":37,"column":0},"end":{"line":37,"column":46}},"31":{"start":{"line":38,"column":0},"end":{"line":38,"column":16}},"32":{"start":{"line":39,"column":0},"end":{"line":39,"column":5}},"33":{"start":{"line":41,"column":0},"end":{"line":41,"column":30}},"34":{"start":{"line":42,"column":0},"end":{"line":42,"column":37}},"35":{"start":{"line":43,"column":0},"end":{"line":43,"column":5}},"36":{"start":{"line":45,"column":0},"end":{"line":45,"column":78}},"37":{"start":{"line":46,"column":0},"end":{"line":46,"column":64}},"38":{"start":{"line":47,"column":0},"end":{"line":47,"column":46}},"39":{"start":{"line":48,"column":0},"end":{"line":48,"column":9}},"40":{"start":{"line":49,"column":0},"end":{"line":49,"column":5}},"41":{"start":{"line":51,"column":0},"end":{"line":51,"column":31}},"42":{"start":{"line":52,"column":0},"end":{"line":52,"column":103}},"43":{"start":{"line":53,"column":0},"end":{"line":53,"column":5}},"44":{"start":{"line":55,"column":0},"end":{"line":55,"column":41}},"45":{"start":{"line":56,"column":0},"end":{"line":56,"column":59}},"46":{"start":{"line":57,"column":0},"end":{"line":57,"column":5}},"47":{"start":{"line":59,"column":0},"end":{"line":59,"column":13}},"48":{"start":{"line":60,"column":0},"end":{"line":60,"column":31}},"49":{"start":{"line":61,"column":0},"end":{"line":61,"column":26}},"50":{"start":{"line":62,"column":0},"end":{"line":62,"column":5}},"51":{"start":{"line":64,"column":0},"end":{"line":64,"column":27}},"52":{"start":{"line":65,"column":0},"end":{"line":65,"column":48}},"53":{"start":{"line":66,"column":0},"end":{"line":66,"column":25}},"54":{"start":{"line":67,"column":0},"end":{"line":67,"column":9}},"55":{"start":{"line":68,"column":0},"end":{"line":68,"column":5}},"56":{"start":{"line":69,"column":0},"end":{"line":69,"column":1}}},"s":{"0":2,"1":2,"2":2,"3":2,"4":352,"5":352,"6":352,"7":6,"8":6,"9":352,"10":352,"11":352,"12":352,"13":352,"14":366,"15":366,"16":366,"17":366,"18":366,"19":366,"20":366,"21":366,"22":366,"23":366,"24":366,"25":366,"26":366,"27":366,"28":366,"29":366,"30":366,"31":366,"32":366,"33":352,"34":178,"35":178,"36":352,"37":398,"38":29380,"39":29380,"40":398,"41":352,"42":6,"43":6,"44":352,"45":4,"46":4,"47":352,"48":14,"49":14,"50":14,"51":352,"52":2,"53":8192,"54":8192,"55":2,"56":352},"branchMap":{"0":{"type":"branch","line":7,"loc":{"start":{"line":7,"column":7},"end":{"line":69,"column":1}},"locations":[{"start":{"line":7,"column":7},"end":{"line":69,"column":1}}]},"1":{"type":"branch","line":11,"loc":{"start":{"line":11,"column":4},"end":{"line":13,"column":5}},"locations":[{"start":{"line":11,"column":4},"end":{"line":13,"column":5}}]},"2":{"type":"branch","line":15,"loc":{"start":{"line":15,"column":4},"end":{"line":18,"column":5}},"locations":[{"start":{"line":15,"column":4},"end":{"line":18,"column":5}}]},"3":{"type":"branch","line":20,"loc":{"start":{"line":20,"column":4},"end":{"line":39,"column":5}},"locations":[{"start":{"line":20,"column":4},"end":{"line":39,"column":5}}]},"4":{"type":"branch","line":41,"loc":{"start":{"line":41,"column":4},"end":{"line":43,"column":5}},"locations":[{"start":{"line":41,"column":4},"end":{"line":43,"column":5}}]},"5":{"type":"branch","line":45,"loc":{"start":{"line":45,"column":4},"end":{"line":49,"column":5}},"locations":[{"start":{"line":45,"column":4},"end":{"line":49,"column":5}}]},"6":{"type":"branch","line":46,"loc":{"start":{"line":46,"column":63},"end":{"line":48,"column":9}},"locations":[{"start":{"line":46,"column":63},"end":{"line":48,"column":9}}]},"7":{"type":"branch","line":51,"loc":{"start":{"line":51,"column":4},"end":{"line":53,"column":5}},"locations":[{"start":{"line":51,"column":4},"end":{"line":53,"column":5}}]},"8":{"type":"branch","line":55,"loc":{"start":{"line":55,"column":4},"end":{"line":57,"column":5}},"locations":[{"start":{"line":55,"column":4},"end":{"line":57,"column":5}}]},"9":{"type":"branch","line":59,"loc":{"start":{"line":59,"column":4},"end":{"line":62,"column":5}},"locations":[{"start":{"line":59,"column":4},"end":{"line":62,"column":5}}]},"10":{"type":"branch","line":64,"loc":{"start":{"line":64,"column":4},"end":{"line":68,"column":5}},"locations":[{"start":{"line":64,"column":4},"end":{"line":68,"column":5}}]},"11":{"type":"branch","line":65,"loc":{"start":{"line":65,"column":47},"end":{"line":67,"column":9}},"locations":[{"start":{"line":65,"column":47},"end":{"line":67,"column":9}}]}},"b":{"0":[352],"1":[6],"2":[352],"3":[366],"4":[178],"5":[398],"6":[29380],"7":[6],"8":[4],"9":[14],"10":[2],"11":[8192]},"fnMap":{"0":{"name":"<instance_members_initializer>","decl":{"start":{"line":7,"column":7},"end":{"line":69,"column":1}},"loc":{"start":{"line":7,"column":7},"end":{"line":69,"column":1}},"line":7},"1":{"name":"get addresses","decl":{"start":{"line":11,"column":4},"end":{"line":13,"column":5}},"loc":{"start":{"line":11,"column":4},"end":{"line":13,"column":5}},"line":11},"2":{"name":"Memory","decl":{"start":{"line":15,"column":4},"end":{"line":18,"column":5}},"loc":{"start":{"line":15,"column":4},"end":{"line":18,"column":5}},"line":15},"3":{"name":"loadFontSet","decl":{"start":{"line":20,"column":4},"end":{"line":39,"column":5}},"loc":{"start":{"line":20,"column":4},"end":{"line":39,"column":5}},"line":20},"4":{"name":"getDataAt","decl":{"start":{"line":41,"column":4},"end":{"line":43,"column":5}},"loc":{"start":{"line":41,"column":4},"end":{"line":43,"column":5}},"line":41},"5":{"name":"load","decl":{"start":{"line":45,"column":4},"end":{"line":49,"column":5}},"loc":{"start":{"line":45,"column":4},"end":{"line":49,"column":5}},"line":45},"6":{"name":"getSprite","decl":{"start":{"line":51,"column":4},"end":{"line":53,"column":5}},"loc":{"start":{"line":51,"column":4},"end":{"line":53,"column":5}},"line":51},"7":{"name":"entries","decl":{"start":{"line":55,"column":4},"end":{"line":57,"column":5}},"loc":{"start":{"line":55,"column":4},"end":{"line":57,"column":5}},"line":55},"8":{"name":"reset","decl":{"start":{"line":59,"column":4},"end":{"line":62,"column":5}},"loc":{"start":{"line":59,"column":4},"end":{"line":62,"column":5}},"line":59}},"f":{"0":352,"1":6,"2":352,"3":366,"4":178,"5":398,"6":6,"7":4,"8":14}}
,"/home/runner/work/chip8/chip8/packages/chip8/src/opcode.ts": {"path":"/home/runner/work/chip8/chip8/packages/chip8/src/opcode.ts","all":false,"statementMap":{"0":{"start":{"line":1,"column":0},"end":{"line":1,"column":8}},"1":{"start":{"line":14,"column":0},"end":{"line":14,"column":21}},"2":{"start":{"line":15,"column":0},"end":{"line":15,"column":36}},"3":{"start":{"line":17,"column":0},"end":{"line":17,"column":25}},"4":{"start":{"line":18,"column":0},"end":{"line":18,"column":27}},"5":{"start":{"line":19,"column":0},"end":{"line":19,"column":5}},"6":{"start":{"line":21,"column":0},"end":{"line":21,"column":32}},"7":{"start":{"line":22,"column":0},"end":{"line":22,"column":28}},"8":{"start":{"line":23,"column":0},"end":{"line":23,"column":5}},"9":{"start":{"line":25,"column":0},"end":{"line":25,"column":30}},"10":{"start":{"line":26,"column":0},"end":{"line":26,"column":47}},"11":{"start":{"line":27,"column":0},"end":{"line":27,"column":5}},"12":{"start":{"line":29,"column":0},"end":{"line":29,"column":21}},"13":{"start":{"line":30,"column":0},"end":{"line":30,"column":47}},"14":{"start":{"line":31,"column":0},"end":{"line":31,"column":5}},"15":{"start":{"line":33,"column":0},"end":{"line":33,"column":19}},"16":{"start":{"line":34,"column":0},"end":{"line":34,"column":44}},"17":{"start":{"line":35,"column":0},"end":{"line":35,"column":5}},"18":{"start":{"line":37,"column":0},"end":{"line":37,"column":31}},"19":{"start":{"line":38,"column":0},"end":{"line":38,"column":44}},"20":{"start":{"line":39,"column":0},"end":{"line":39,"column":5}},"21":{"start":{"line":41,"column":0},"end":{"line":41,"column":31}},"22":{"start":{"line":42,"column":0},"end":{"line":42,"column":44}},"23":{"start":{"line":43,"column":0},"end":{"line":43,"column":5}},"24":{"start":{"line":45,"column":0},"end":{"line":45,"column":24}},"25":{"start":{"line":46,"column":0},"end":{"line":46,"column":70}},"26":{"start":{"line":47,"column":0},"end":{"line":47,"column":5}},"27":{"start":{"line":49,"column":0},"end":{"line":49,"column":1}}},"s":{"0":2,"1":2,"2":232,"3":232,"4":1422,"5":1422,"6":232,"7":232,"8":232,"9":232,"10":114,"11":114,"12":232,"13":114,"14":114,"15":232,"16":114,"17":114,"18":232,"19":114,"20":114,"21":232,"22":114,"23":114,"24":232,"25":116,"26":116,"27":232},"branchMap":{"0":{"type":"branch","line":14,"loc":{"start":{"line":14,"column":7},"end":{"line":49,"column":1}},"locations":[{"start":{"line":14,"column":7},"end":{"line":49,"column":1}}]},"1":{"type":"branch","line":17,"loc":{"start":{"line":17,"column":4},"end":{"line":19,"column":5}},"locations":[{"start":{"line":17,"column":4},"end":{"line":19,"column":5}}]},"2":{"type":"branch","line":21,"loc":{"start":{"line":21,"column":4},"end":{"line":23,"column":5}},"locations":[{"start":{"line":21,"column":4},"end":{"line":23,"column":5}}]},"3":{"type":"branch","line":25,"loc":{"start":{"line":25,"column":4},"end":{"line":27,"column":5}},"locations":[{"start":{"line":25,"column":4},"end":{"line":27,"column":5}}]},"4":{"type":"branch","line":29,"loc":{"start":{"line":29,"column":4},"end":{"line":31,"column":5}},"locations":[{"start":{"line":29,"column":4},"end":{"line":31,"column":5}}]},"5":{"type":"branch","line":33,"loc":{"start":{"line":33,"column":4},"end":{"line":35,"column":5}},"locations":[{"start":{"line":33,"column":4},"end":{"line":35,"column":5}}]},"6":{"type":"branch","line":37,"loc":{"start":{"line":37,"column":4},"end":{"line":39,"column":5}},"locations":[{"start":{"line":37,"column":4},"end":{"line":39,"column":5}}]},"7":{"type":"branch","line":41,"loc":{"start":{"line":41,"column":4},"end":{"line":43,"column":5}},"locations":[{"start":{"line":41,"column":4},"end":{"line":43,"column":5}}]},"8":{"type":"branch","line":45,"loc":{"start":{"line":45,"column":4},"end":{"line":47,"column":5}},"locations":[{"start":{"line":45,"column":4},"end":{"line":47,"column":5}}]}},"b":{"0":[232],"1":[1422],"2":[232],"3":[114],"4":[114],"5":[114],"6":[114],"7":[114],"8":[116]},"fnMap":{"0":{"name":"<instance_members_initializer>","decl":{"start":{"line":14,"column":7},"end":{"line":49,"column":1}},"loc":{"start":{"line":14,"column":7},"end":{"line":49,"column":1}},"line":14},"1":{"name":"get value","decl":{"start":{"line":17,"column":4},"end":{"line":19,"column":5}},"loc":{"start":{"line":17,"column":4},"end":{"line":19,"column":5}},"line":17},"2":{"name":"Opcode","decl":{"start":{"line":21,"column":4},"end":{"line":23,"column":5}},"loc":{"start":{"line":21,"column":4},"end":{"line":23,"column":5}},"line":21},"3":{"name":"extractNNN","decl":{"start":{"line":25,"column":4},"end":{"line":27,"column":5}},"loc":{"start":{"line":25,"column":4},"end":{"line":27,"column":5}},"line":25},"4":{"name":"extractNN","decl":{"start":{"line":29,"column":4},"end":{"line":31,"column":5}},"loc":{"start":{"line":29,"column":4},"end":{"line":31,"column":5}},"line":29},"5":{"name":"extractN","decl":{"start":{"line":33,"column":4},"end":{"line":35,"column":5}},"loc":{"start":{"line":33,"column":4},"end":{"line":35,"column":5}},"line":33},"6":{"name":"extractX","decl":{"start":{"line":37,"column":4},"end":{"line":39,"column":5}},"loc":{"start":{"line":37,"column":4},"end":{"line":39,"column":5}},"line":37},"7":{"name":"extractY","decl":{"start":{"line":41,"column":4},"end":{"line":43,"column":5}},"loc":{"start":{"line":41,"column":4},"end":{"line":43,"column":5}},"line":41},"8":{"name":"toString","decl":{"start":{"line":45,"column":4},"end":{"line":47,"column":5}},"loc":{"start":{"line":45,"column":4},"end":{"line":47,"column":5}},"line":45}},"f":{"0":232,"1":1422,"2":232,"3":114,"4":114,"5":114,"6":114,"7":114,"8":116}}
,"/home/runner/work/chip8/chip8/packages/chip8/src/registers.ts": {"path":"/home/runner/work/chip8/chip8/packages/chip8/src/registers.ts","all":false,"statementMap":{"0":{"start":{"line":2,"column":0},"end":{"line":2,"column":8}},"1":{"start":{"line":9,"column":0},"end":{"line":9,"column":52}},"2":{"start":{"line":11,"column":0},"end":{"line":11,"column":29}},"3":{"start":{"line":15,"column":0},"end":{"line":15,"column":24}},"4":{"start":{"line":16,"column":0},"end":{"line":16,"column":70}},"5":{"start":{"line":17,"column":0},"end":{"line":17,"column":30}},"6":{"start":{"line":19,"column":0},"end":{"line":19,"column":18}},"7":{"start":{"line":20,"column":0},"end":{"line":20,"column":27}},"8":{"start":{"line":21,"column":0},"end":{"line":21,"column":5}},"9":{"start":{"line":23,"column":0},"end":{"line":23,"column":17}},"10":{"start":{"line":24,"column":0},"end":{"line":24,"column":26}},"11":{"start":{"line":25,"column":0},"end":{"line":25,"column":5}},"12":{"start":{"line":27,"column":0},"end":{"line":27,"column":32}},"13":{"start":{"line":28,"column":0},"end":{"line":28,"column":34}},"14":{"start":{"line":29,"column":0},"end":{"line":29,"column":5}},"15":{"start":{"line":31,"column":0},"end":{"line":31,"column":50}},"16":{"start":{"line":32,"column":0},"end":{"line":32,"column":38}},"17":{"start":{"line":33,"column":0},"end":{"line":33,"column":5}},"18":{"start":{"line":35,"column":0},"end":{"line":35,"column":12}},"19":{"start":{"line":36,"column":0},"end":{"line":36,"column":45}},"20":{"start":{"line":37,"column":0},"end":{"line":37,"column":5}},"21":{"start":{"line":39,"column":0},"end":{"line":39,"column":28}},"22":{"start":{"line":40,"column":0},"end":{"line":40,"column":49}},"23":{"start":{"line":41,"column":0},"end":{"line":41,"column":5}},"24":{"start":{"line":43,"column":0},"end":{"line":43,"column":41}},"25":{"start":{"line":44,"column":0},"end":{"line":44,"column":56}},"26":{"start":{"line":45,"column":0},"end":{"line":45,"column":5}},"27":{"start":{"line":47,"column":0},"end":{"line":47,"column":42}},"28":{"start":{"line":48,"column":0},"end":{"line":48,"column":67}},"29":{"start":{"line":49,"column":0},"end":{"line":49,"column":31}},"30":{"start":{"line":50,"column":0},"end":{"line":50,"column":9}},"31":{"start":{"line":51,"column":0},"end":{"line":51,"column":5}},"32":{"start":{"line":53,"column":0},"end":{"line":53,"column":96}},"33":{"start":{"line":54,"column":0},"end":{"line":54,"column":49}},"34":{"start":{"line":56,"column":0},"end":{"line":56,"column":31}},"35":{"start":{"line":58,"column":0},"end":{"line":58,"column":25}},"36":{"start":{"line":59,"column":0},"end":{"line":59,"column":18}},"37":{"start":{"line":60,"column":0},"end":{"line":60,"column":9}},"38":{"start":{"line":62,"column":0},"end":{"line":62,"column":49}},"39":{"start":{"line":63,"column":0},"end":{"line":63,"column":5}},"40":{"start":{"line":65,"column":0},"end":{"line":65,"column":28}},"41":{"start":{"line":66,"column":0},"end":{"line":66,"column":48}},"42":{"start":{"line":68,"column":0},"end":{"line":68,"column":28}},"43":{"start":{"line":69,"column":0},"end":{"line":69,"column":5}},"44":{"start":{"line":71,"column":0},"end":{"line":71,"column":73}},"45":{"start":{"line":75,"column":0},"end":{"line":75,"column":8}},"46":{"start":{"line":76,"column":0},"end":{"line":76,"column":47}},"47":{"start":{"line":77,"column":0},"end":{"line":77,"column":53}},"48":{"start":{"line":78,"column":0},"end":{"line":78,"column":51}},"49":{"start":{"line":79,"column":0},"end":{"line":79,"column":43}},"50":{"start":{"line":81,"column":0},"end":{"line":81,"column":57}},"51":{"start":{"line":82,"column":0},"end":{"line":82,"column":38}},"52":{"start":{"line":83,"column":0},"end":{"line":83,"column":5}},"53":{"start":{"line":85,"column":0},"end":{"line":85,"column":45}},"54":{"start":{"line":86,"column":0},"end":{"line":86,"column":67}},"55":{"start":{"line":87,"column":0},"end":{"line":87,"column":50}},"56":{"start":{"line":89,"column":0},"end":{"line":89,"column":27}},"57":{"start":{"line":90,"column":0},"end":{"line":90,"column":5}},"58":{"start":{"line":92,"column":0},"end":{"line":92,"column":34}},"59":{"start":{"line":93,"column":0},"end":{"line":93,"column":34}},"60":{"start":{"line":95,"column":0},"end":{"line":95,"column":42}},"61":{"start":{"line":96,"column":0},"end":{"line":96,"column":57}},"62":{"start":{"line":97,"column":0},"end":{"line":97,"column":5}},"63":{"start":{"line":99,"column":0},"end":{"line":99,"column":33}},"64":{"start":{"line":100,"column":0},"end":{"line":100,"column":34}},"65":{"start":{"line":102,"column":0},"end":{"line":102,"column":41}},"66":{"start":{"line":103,"column":0},"end":{"line":103,"column":56}},"67":{"start":{"line":104,"column":0},"end":{"line":104,"column":5}},"68":{"start":{"line":106,"column":0},"end":{"line":106,"column":13}},"69":{"start":{"line":107,"column":0},"end":{"line":107,"column":28}},"70":{"start":{"line":108,"column":0},"end":{"line":108,"column":23}},"71":{"start":{"line":109,"column":0},"end":{"line":109,"column":5}},"72":{"start":{"line":110,"column":0},"end":{"line":110,"column":1}}},"s":{"0":2,"1":2,"2":2,"3":2,"4":382,"5":382,"6":382,"7":2,"8":2,"9":382,"10":2,"11":2,"12":382,"13":208,"14":208,"15":382,"16":218,"17":218,"18":382,"19":58,"20":58,"21":382,"22":46,"23":46,"24":382,"25":4,"26":4,"27":382,"28":4,"29":12,"30":12,"31":4,"32":382,"33":10,"34":10,"35":10,"36":4,"37":4,"38":10,"39":10,"40":382,"41":8,"42":8,"43":8,"44":382,"45":10,"46":10,"47":10,"48":10,"49":10,"50":10,"51":10,"52":10,"53":382,"54":4,"55":4,"56":4,"57":4,"58":382,"59":4,"60":4,"61":4,"62":4,"63":382,"64":4,"65":4,"66":4,"67":4,"68":382,"69":14,"70":14,"71":14,"72":382},"branchMap":{"0":{"type":"branch","line":15,"loc":{"start":{"line":15,"column":7},"end":{"line":110,"column":1}},"locations":[{"start":{"line":15,"column":7},"end":{"line":110,"column":1}}]},"1":{"type":"branch","line":19,"loc":{"start":{"line":19,"column":4},"end":{"line":21,"column":5}},"locations":[{"start":{"line":19,"column":4},"end":{"line":21,"column":5}}]},"2":{"type":"branch","line":23,"loc":{"start":{"line":23,"column":4},"end":{"line":25,"column":5}},"locations":[{"start":{"line":23,"column":4},"end":{"line":25,"column":5}}]},"3":{"type":"branch","line":27,"loc":{"start":{"line":27,"column":4},"end":{"line":29,"column":5}},"locations":[{"start":{"line":27,"column":4},"end":{"line":29,"column":5}}]},"4":{"type":"branch","line":31,"loc":{"start":{"line":31,"column":4},"end":{"line":33,"column":5}},"locations":[{"start":{"line":31,"column":4},"end":{"line":33,"column":5}}]},"5":{"type":"branch","line":35,"loc":{"start":{"line":35,"column":4},"end":{"line":37,"column":5}},"locations":[{"start":{"line":35,"column":4},"end":{"line":37,"column":5}}]},"6":{"type":"branch","line":39,"loc":{"start":{"line":39,"column":4},"end":{"line":41,"column":5}},"locations":[{"start":{"line":39,"column":4},"end":{"line":41,"column":5}}]},"7":{"type":"branch","line":43,"loc":{"start":{"line":43,"column":4},"end":{"line":45,"column":5}},"locations":[{"start":{"line":43,"column":4},"end":{"line":45,"column":5}}]},"8":{"type":"branch","line":47,"loc":{"start":{"line":47,"column":4},"end":{"line":51,"column":5}},"locations":[{"start":{"line":47,"column":4},"end":{"line":51,"column":5}}]},"9":{"type":"branch","line":48,"loc":{"start":{"line":48,"column":66},"end":{"line":50,"column":9}},"locations":[{"start":{"line":48,"column":66},"end":{"line":50,"column":9}}]},"10":{"type":"branch","line":53,"loc":{"start":{"line":53,"column":4},"end":{"line":63,"column":5}},"locations":[{"start":{"line":53,"column":4},"end":{"line":63,"column":5}}]},"11":{"type":"branch","line":58,"loc":{"start":{"line":58,"column":24},"end":{"line":62,"column":47}},"locations":[{"start":{"line":58,"column":24},"end":{"line":62,"column":47}}]},"12":{"type":"branch","line":58,"loc":{"start":{"line":58,"column":24},"end":{"line":60,"column":9}},"locations":[{"start":{"line":58,"column":24},"end":{"line":60,"column":9}}]},"13":{"type":"branch","line":60,"loc":{"start":{"line":60,"column":8},"end":{"line":62,"column":47}},"locations":[{"start":{"line":60,"column":8},"end":{"line":62,"column":47}}]},"14":{"type":"branch","line":62,"loc":{"start":{"line":62,"column":36},"end":{"line":62,"column":47}},"locations":[{"start":{"line":62,"column":36},"end":{"line":62,"column":47}}]},"15":{"type":"branch","line":62,"loc":{"start":{"line":62,"column":43},"end":{"line":62,"column":48}},"locations":[{"start":{"line":62,"column":43},"end":{"line":62,"column":48}}]},"16":{"type":"branch","line":65,"loc":{"start":{"line":65,"column":4},"end":{"line":69,"column":5}},"locations":[{"start":{"line":65,"column":4},"end":{"line":69,"column":5}}]},"17":{"type":"branch","line":71,"loc":{"start":{"line":71,"column":4},"end":{"line":83,"column":5}},"locations":[{"start":{"line":71,"column":4},"end":{"line":83,"column":5}}]},"18":{"type":"branch","line":82,"loc":{"start":{"line":82,"column":23},"end":{"line":82,"column":36}},"locations":[{"start":{"line":82,"column":23},"end":{"line":82,"column":36}}]},"19":{"type":"branch","line":82,"loc":{"start":{"line":82,"column":32},"end":{"line":82,"column":37}},"locations":[{"start":{"line":82,"column":32},"end":{"line":82,"column":37}}]},"20":{"type":"branch","line":85,"loc":{"start":{"line":85,"column":4},"end":{"line":90,"column":5}},"locations":[{"start":{"line":85,"column":4},"end":{"line":90,"column":5}}]},"21":{"type":"branch","line":92,"loc":{"start":{"line":92,"column":4},"end":{"line":97,"column":5}},"locations":[{"start":{"line":92,"column":4},"end":{"line":97,"column":5}}]},"22":{"type":"branch","line":99,"loc":{"start":{"line":99,"column":4},"end":{"line":104,"column":5}},"locations":[{"start":{"line":99,"column":4},"end":{"line":104,"column":5}}]},"23":{"type":"branch","line":106,"loc":{"start":{"line":106,"column":4},"end":{"line":109,"column":5}},"locations":[{"start":{"line":106,"column":4},"end":{"line":109,"column":5}}]}},"b":{"0":[382],"1":[2],"2":[2],"3":[208],"4":[218],"5":[58],"6":[46],"7":[4],"8":[4],"9":[12],"10":[10],"11":[8],"12":[4],"13":[6],"14":[4],"15":[2],"16":[8],"17":[10],"18":[4],"19":[6],"20":[4],"21":[4],"22":[4],"23":[14]},"fnMap":{"0":{"name":"<instance_members_initializer>","decl":{"start":{"line":15,"column":7},"end":{"line":110,"column":1}},"loc":{"start":{"line":15,"column":7},"end":{"line":110,"column":1}},"line":15},"1":{"name":"get vSlots","decl":{"start":{"line":19,"column":4},"end":{"line":21,"column":5}},"loc":{"start":{"line":19,"column":4},"end":{"line":21,"column":5}},"line":19},"2":{"name":"get iSlot","decl":{"start":{"line":23,"column":4},"end":{"line":25,"column":5}},"loc":{"start":{"line":23,"column":4},"end":{"line":25,"column":5}},"line":23},"3":{"name":"getV","decl":{"start":{"line":27,"column":4},"end":{"line":29,"column":5}},"loc":{"start":{"line":27,"column":4},"end":{"line":29,"column":5}},"line":27},"4":{"name":"setV","decl":{"start":{"line":31,"column":4},"end":{"line":33,"column":5}},"loc":{"start":{"line":31,"column":4},"end":{"line":33,"column":5}},"line":31},"5":{"name":"getI","decl":{"start":{"line":35,"column":4},"end":{"line":37,"column":5}},"loc":{"start":{"line":35,"column":4},"end":{"line":37,"column":5}},"line":35},"6":{"name":"setI","decl":{"start":{"line":39,"column":4},"end":{"line":41,"column":5}},"loc":{"start":{"line":39,"column":4},"end":{"line":41,"column":5}},"line":39},"7":{"name":"entries","decl":{"start":{"line":43,"column":4},"end":{"line":45,"column":5}},"loc":{"start":{"line":43,"column":4},"end":{"line":45,"column":5}},"line":43},"8":{"name":"load","decl":{"start":{"line":47,"column":4},"end":{"line":51,"column":5}},"loc":{"start":{"line":47,"column":4},"end":{"line":51,"column":5}},"line":47},"9":{"name":"addV","decl":{"start":{"line":53,"column":4},"end":{"line":63,"column":5}},"loc":{"start":{"line":53,"column":4},"end":{"line":63,"column":5}},"line":53},"10":{"name":"addI","decl":{"start":{"line":65,"column":4},"end":{"line":69,"column":5}},"loc":{"start":{"line":65,"column":4},"end":{"line":69,"column":5}},"line":65},"11":{"name":"subtract","decl":{"start":{"line":71,"column":4},"end":{"line":83,"column":5}},"loc":{"start":{"line":71,"column":4},"end":{"line":83,"column":5}},"line":71},"12":{"name":"randomize","decl":{"start":{"line":85,"column":4},"end":{"line":90,"column":5}},"loc":{"start":{"line":85,"column":4},"end":{"line":90,"column":5}},"line":85},"13":{"name":"shiftRight","decl":{"start":{"line":92,"column":4},"end":{"line":97,"column":5}},"loc":{"start":{"line":92,"column":4},"end":{"line":97,"column":5}},"line":92},"14":{"name":"shiftLeft","decl":{"start":{"line":99,"column":4},"end":{"line":104,"column":5}},"loc":{"start":{"line":99,"column":4},"end":{"line":104,"column":5}},"line":99},"15":{"name":"reset","decl":{"start":{"line":106,"column":4},"end":{"line":109,"column":5}},"loc":{"start":{"line":106,"column":4},"end":{"line":109,"column":5}},"line":106}},"f":{"0":382,"1":2,"2":2,"3":208,"4":218,"5":58,"6":46,"7":4,"8":4,"9":10,"10":8,"11":10,"12":4,"13":4,"14":4,"15":14}}
,"/home/runner/work/chip8/chip8/packages/chip8/src/sprite.ts": {"path":"/home/runner/work/chip8/chip8/packages/chip8/src/sprite.ts","all":false,"statementMap":{"0":{"start":{"line":2,"column":0},"end":{"line":2,"column":53}},"1":{"start":{"line":4,"column":0},"end":{"line":4,"column":29}},"2":{"start":{"line":9,"column":0},"end":{"line":9,"column":21}},"3":{"start":{"line":10,"column":0},"end":{"line":10,"column":37}},"4":{"start":{"line":12,"column":0},"end":{"line":12,"column":41}},"5":{"start":{"line":13,"column":0},"end":{"line":13,"column":30}},"6":{"start":{"line":14,"column":0},"end":{"line":14,"column":5}},"7":{"start":{"line":16,"column":0},"end":{"line":16,"column":74}},"8":{"start":{"line":17,"column":0},"end":{"line":17,"column":63}},"9":{"start":{"line":18,"column":0},"end":{"line":18,"column":58}},"10":{"start":{"line":19,"column":0},"end":{"line":19,"column":62}},"11":{"start":{"line":21,"column":0},"end":{"line":21,"column":23}},"12":{"start":{"line":22,"column":0},"end":{"line":22,"column":26}},"13":{"start":{"line":23,"column":0},"end":{"line":23,"column":29}},"14":{"start":{"line":24,"column":0},"end":{"line":24,"column":31}},"15":{"start":{"line":25,"column":0},"end":{"line":25,"column":31}},"16":{"start":{"line":26,"column":0},"end":{"line":26,"column":22}},"17":{"start":{"line":27,"column":0},"end":{"line":27,"column":17}},"18":{"start":{"line":28,"column":0},"end":{"line":28,"column":13}},"19":{"start":{"line":29,"column":0},"end":{"line":29,"column":9}},"20":{"start":{"line":30,"column":0},"end":{"line":30,"column":5}},"21":{"start":{"line":32,"column":0},"end":{"line":32,"column":61}},"22":{"start":{"line":33,"column":0},"end":{"line":33,"column":42}},"23":{"start":{"line":34,"column":0},"end":{"line":34,"column":5}},"24":{"start":{"line":35,"column":0},"end":{"line":35,"column":1}}},"s":{"0":2,"1":2,"2":2,"3":20,"4":20,"5":20,"6":20,"7":20,"8":12,"9":24,"10":192,"11":192,"12":192,"13":192,"14":192,"15":192,"16":192,"17":192,"18":192,"19":24,"20":12,"21":20,"22":194,"23":194,"24":20},"branchMap":{"0":{"type":"branch","line":9,"loc":{"start":{"line":9,"column":7},"end":{"line":35,"column":1}},"locations":[{"start":{"line":9,"column":7},"end":{"line":35,"column":1}}]},"1":{"type":"branch","line":12,"loc":{"start":{"line":12,"column":4},"end":{"line":14,"column":5}},"locations":[{"start":{"line":12,"column":4},"end":{"line":14,"column":5}}]},"2":{"type":"branch","line":16,"loc":{"start":{"line":16,"column":4},"end":{"line":30,"column":5}},"locations":[{"start":{"line":16,"column":4},"end":{"line":30,"column":5}}]},"3":{"type":"branch","line":17,"loc":{"start":{"line":17,"column":62},"end":{"line":29,"column":9}},"locations":[{"start":{"line":17,"column":62},"end":{"line":29,"column":9}}]},"4":{"type":"branch","line":18,"loc":{"start":{"line":18,"column":57},"end":{"line":28,"column":13}},"locations":[{"start":{"line":18,"column":57},"end":{"line":28,"column":13}}]},"5":{"type":"branch","line":32,"loc":{"start":{"line":32,"column":11},"end":{"line":34,"column":5}},"locations":[{"start":{"line":32,"column":11},"end":{"line":34,"column":5}}]},"6":{"type":"branch","line":33,"loc":{"start":{"line":33,"column":33},"end":{"line":33,"column":41}},"locations":[{"start":{"line":33,"column":33},"end":{"line":33,"column":41}}]},"7":{"type":"branch","line":33,"loc":{"start":{"line":33,"column":37},"end":{"line":33,"column":42}},"locations":[{"start":{"line":33,"column":37},"end":{"line":33,"column":42}}]}},"b":{"0":[20],"1":[20],"2":[12],"3":[24],"4":[192],"5":[194],"6":[42],"7":[152]},"fnMap":{"0":{"name":"<instance_members_initializer>","decl":{"start":{"line":9,"column":7},"end":{"line":35,"column":1}},"loc":{"start":{"line":9,"column":7},"end":{"line":35,"column":1}},"line":9},"1":{"name":"Sprite","decl":{"start":{"line":12,"column":4},"end":{"line":14,"column":5}},"loc":{"start":{"line":12,"column":4},"end":{"line":14,"column":5}},"line":12},"2":{"name":"extractPixel","decl":{"start":{"line":32,"column":11},"end":{"line":34,"column":5}},"loc":{"start":{"line":32,"column":11},"end":{"line":34,"column":5}},"line":32}},"f":{"0":20,"1":20,"2":194}}
,"/home/runner/work/chip8/chip8/packages/chip8/src/stack.ts": {"path":"/home/runner/work/chip8/chip8/packages/chip8/src/stack.ts","all":false,"statementMap":{"0":{"start":{"line":1,"column":0},"end":{"line":1,"column":20}},"1":{"start":{"line":2,"column":0},"end":{"line":2,"column":62}},"2":{"start":{"line":3,"column":0},"end":{"line":3,"column":63}},"3":{"start":{"line":5,"column":0},"end":{"line":5,"column":17}},"4":{"start":{"line":6,"column":0},"end":{"line":6,"column":26}},"5":{"start":{"line":7,"column":0},"end":{"line":7,"column":5}},"6":{"start":{"line":9,"column":0},"end":{"line":9,"column":33}},"7":{"start":{"line":10,"column":0},"end":{"line":10,"column":54}},"8":{"start":{"line":11,"column":0},"end":{"line":11,"column":27}},"9":{"start":{"line":12,"column":0},"end":{"line":12,"column":5}},"10":{"start":{"line":14,"column":0},"end":{"line":14,"column":11}},"11":{"start":{"line":15,"column":0},"end":{"line":15,"column":27}},"12":{"start":{"line":16,"column":0},"end":{"line":16,"column":60}},"13":{"start":{"line":18,"column":0},"end":{"line":18,"column":44}},"14":{"start":{"line":20,"column":0},"end":{"line":20,"column":28}},"15":{"start":{"line":21,"column":0},"end":{"line":21,"column":5}},"16":{"start":{"line":23,"column":0},"end":{"line":23,"column":13}},"17":{"start":{"line":24,"column":0},"end":{"line":24,"column":27}},"18":{"start":{"line":25,"column":0},"end":{"line":25,"column":29}},"19":{"start":{"line":26,"column":0},"end":{"line":26,"column":5}},"20":{"start":{"line":27,"column":0},"end":{"line":27,"column":1}}},"s":{"0":2,"1":346,"2":346,"3":346,"4":6,"5":6,"6":346,"7":8,"8":8,"9":8,"10":346,"11":6,"12":6,"13":6,"14":6,"15":6,"16":346,"17":14,"18":14,"19":14,"20":346},"branchMap":{"0":{"type":"branch","line":1,"loc":{"start":{"line":1,"column":7},"end":{"line":27,"column":1}},"locations":[{"start":{"line":1,"column":7},"end":{"line":27,"column":1}}]},"1":{"type":"branch","line":5,"loc":{"start":{"line":5,"column":4},"end":{"line":7,"column":5}},"locations":[{"start":{"line":5,"column":4},"end":{"line":7,"column":5}}]},"2":{"type":"branch","line":9,"loc":{"start":{"line":9,"column":4},"end":{"line":12,"column":5}},"locations":[{"start":{"line":9,"column":4},"end":{"line":12,"column":5}}]},"3":{"type":"branch","line":14,"loc":{"start":{"line":14,"column":4},"end":{"line":21,"column":5}},"locations":[{"start":{"line":14,"column":4},"end":{"line":21,"column":5}}]},"4":{"type":"branch","line":23,"loc":{"start":{"line":23,"column":4},"end":{"line":26,"column":5}},"locations":[{"start":{"line":23,"column":4},"end":{"line":26,"column":5}}]}},"b":{"0":[346],"1":[6],"2":[8],"3":[6],"4":[14]},"fnMap":{"0":{"name":"<instance_members_initializer>","decl":{"start":{"line":1,"column":7},"end":{"line":27,"column":1}},"loc":{"start":{"line":1,"column":7},"end":{"line":27,"column":1}},"line":1},"1":{"name":"get slots","decl":{"start":{"line":5,"column":4},"end":{"line":7,"column":5}},"loc":{"start":{"line":5,"column":4},"end":{"line":7,"column":5}},"line":5},"2":{"name":"push","decl":{"start":{"line":9,"column":4},"end":{"line":12,"column":5}},"loc":{"start":{"line":9,"column":4},"end":{"line":12,"column":5}},"line":9},"3":{"name":"pop","decl":{"start":{"line":14,"column":4},"end":{"line":21,"column":5}},"loc":{"start":{"line":14,"column":4},
[...]
,"/home/runner/work/chip8/chip8/packages/chip8/src/instructions/index.ts": {"path":"/home/runner/work/chip8/chip8/packages/chip8/src/instructions/index.ts","all":false,"statementMap":{"0":{"start":{"line":1,"column":0},"end":{"line":1,"column":26}},"1":{"start":{"line":2,"column":0},"end":{"line":2,"column":26}},"2":{"start":{"line":3,"column":0},"end":{"line":3,"column":26}},"3":{"start":{"line":4,"column":0},"end":{"line":4,"column":26}},"4":{"start":{"line":5,"column":0},"end":{"line":5,"column":26}},"5":{"start":{"line":6,"column":0},"end":{"line":6,"column":26}},"6":{"start":{"line":7,"column":0},"end":{"line":7,"column":26}},"7":{"start":{"line":8,"column":0},"end":{"line":8,"column":26}},"8":{"start":{"line":9,"column":0},"end":{"line":9,"column":26}},"9":{"start":{"line":10,"column":0},"end":{"line":10,"column":26}},"10":{"start":{"line":11,"column":0},"end":{"line":11,"column":26}},"11":{"start":{"line":12,"column":0},"end":{"line":12,"column":26}},"12":{"start":{"line":13,"column":0},"end":{"line":13,"column":26}},"13":{"start":{"line":14,"column":0},"end":{"line":14,"column":26}},"14":{"start":{"line":15,"column":0},"end":{"line":15,"column":26}},"15":{"start":{"line":16,"column":0},"end":{"line":16,"column":26}},"16":{"start":{"line":17,"column":0},"end":{"line":17,"column":26}},"17":{"start":{"line":18,"column":0},"end":{"line":18,"column":26}},"18":{"start":{"line":19,"column":0},"end":{"line":19,"column":26}},"19":{"start":{"line":20,"column":0},"end":{"line":20,"column":26}},"20":{"start":{"line":21,"column":0},"end":{"line":21,"column":26}},"21":{"start":{"line":22,"column":0},"end":{"line":22,"column":26}},"22":{"start":{"line":23,"column":0},"end":{"line":23,"column":26}},"23":{"start":{"line":24,"column":0},"end":{"line":24,"column":26}},"24":{"start":{"line":25,"column":0},"end":{"line":25,"column":26}},"25":{"start":{"line":26,"column":0},"end":{"line":26,"column":26}},"26":{"start":{"line":27,"column":0},"end":{"line":27,"column":26}},"27":{"start":{"line":28,"column":0},"end":{"line":28,"column":26}},"28":{"start":{"line":29,"column":0},"end":{"line":29,"column":26}},"29":{"start":{"line":30,"column":0},"end":{"line":30,"column":26}},"30":{"start":{"line":31,"column":0},"end":{"line":31,"column":26}},"31":{"start":{"line":32,"column":0},"end":{"line":32,"column":26}},"32":{"start":{"line":33,"column":0},"end":{"line":33,"column":26}},"33":{"start":{"line":34,"column":0},"end":{"line":34,"column":26}},"34":{"start":{"line":35,"column":0},"end":{"line":35,"column":26}},"35":{"start":{"line":36,"column":0},"end":{"line":36,"column":32}},"36":{"start":{"line":37,"column":0},"end":{"line":37,"column":39}}},"s":{"0":2,"1":2,"2":2,"3":2,"4":2,"5":2,"6":2,"7":2,"8":2,"9":2,"10":2,"11":2,"12":2,"13":2,"14":2,"15":2,"16":2,"17":2,"18":2,"19":2,"20":2,"21":2,"22":2,"23":2,"24":2,"25":2,"26":2,"27":2,"28":2,"29":2,"30":2,"31":2,"32":2,"33":2,"34":2,"35":2,"36":2},"branchMap":{},"b":{},"fnMap":{},"f":{}}
,"/home/runner/work/chip8/chip8/packages/chip8/src/instructions/instruction-loader.ts": {"path":"/home/runner/work/chip8/chip8/packages/chip8/src/instructions/instruction-loader.ts","all":false,"statementMap":{"0":{"start":{"line":1,"column":0},"end":{"line":1,"column":35}},"1":{"start":{"line":2,"column":0},"end":{"line":2,"column":35}},"2":{"start":{"line":3,"column":0},"end":{"line":3,"column":35}},"3":{"start":{"line":4,"column":0},"end":{"line":4,"column":35}},"4":{"start":{"line":5,"column":0},"end":{"line":5,"column":35}},"5":{"start":{"line":6,"column":0},"end":{"line":6,"column":35}},"6":{"start":{"line":7,"column":0},"end":{"line":7,"column":35}},"7":{"start":{"line":8,"column":0},"end":{"line":8,"column":35}},"8":{"start":{"line":9,"column":0},"end":{"line":9,"column":35}},"9":{"start":{"line":10,"column":0},"end":{"line":10,"column":35}},"10":{"start":{"line":11,"column":0},"end":{"line":11,"column":35}},"11":{"start":{"line":12,"column":0},"end":{"line":12,"column":35}},"12":{"start":{"line":13,"column":0},"end":{"line":13,"column":35}},"13":{"start":{"line":14,"column":0},"end":{"line":14,"column":35}},"14":{"start":{"line":15,"column":0},"end":{"line":15,"column":35}},"15":{"start":{"line":16,"column":0},"end":{"line":16,"column":35}},"16":{"start":{"line":17,"column":0},"end":{"line":17,"column":35}},"17":{"start":{"line":18,"column":0},"end":{"line":18,"column":35}},"18":{"start":{"line":19,"column":0},"end":{"line":19,"column":35}},"19":{"start":{"line":20,"column":0},"end":{"line":20,"column":35}},"20":{"start":{"line":21,"column":0},"end":{"line":21,"column":35}},"21":{"start":{"line":22,"column":0},"end":{"line":22,"column":35}},"22":{"start":{"line":23,"column":0},"end":{"line":23,"column":35}},"23":{"start":{"line":24,"column":0},"end":{"line":24,"column":35}},"24":{"start":{"line":25,"column":0},"end":{"line":25,"column":35}},"25":{"start":{"line":26,"column":0},"end":{"line":26,"column":35}},"26":{"start":{"line":27,"column":0},"end":{"line":27,"column":35}},"27":{"start":{"line":28,"column":0},"end":{"line":28,"column":35}},"28":{"start":{"line":29,"column":0},"end":{"line":29,"column":35}},"29":{"start":{"line":30,"column":0},"end":{"line":30,"column":35}},"30":{"start":{"line":31,"column":0},"end":{"line":31,"column":35}},"31":{"start":{"line":32,"column":0},"end":{"line":32,"column":35}},"32":{"start":{"line":33,"column":0},"end":{"line":33,"column":35}},"33":{"start":{"line":34,"column":0},"end":{"line":34,"column":35}},"34":{"start":{"line":36,"column":0},"end":{"line":36,"column":35}},"35":{"start":{"line":38,"column":0},"end":{"line":38,"column":41}},"36":{"start":{"line":39,"column":0},"end":{"line":39,"column":63}},"37":{"start":{"line":40,"column":0},"end":{"line":40,"column":27}},"38":{"start":{"line":41,"column":0},"end":{"line":41,"column":27}},"39":{"start":{"line":42,"column":0},"end":{"line":42,"column":27}},"40":{"start":{"line":43,"column":0},"end":{"line":43,"column":27}},"41":{"start":{"line":44,"column":0},"end":{"line":44,"column":27}},"42":{"start":{"line":45,"column":0},"end":{"line":45,"column":27}},"43":{"start":{"line":46,"column":0},"end":{"line":46,"column":27}},"44":{"start":{"line":47,"column":0},"end":{"line":47,"column":27}},"45":{"start":{"line":48,"column":0},"end":{"line":48,"column":27}},"46":{"start":{"line":49,"column":0},"end":{"line":49,"column":27}},"47":{"start":{"line":50,"column":0},"end":{"line":50,"column":27}},"48":{"start":{"line":51,"column":0},"end":{"line":51,"column":27}},"49":{"start":{"line":52,"column":0},"end":{"line":52,"column":27}},"50":{"start":{"line":53,"column":0},"end":{"line":53,"column":27}},"51":{"start":{"line":54,"column":0},"end":{"line":54,"column":27}},"52":{"start":{"line":55,"column":0},"end":{"line":55,"column":27}},"53":{"start":{"line":56,"column":0},"end":{"line":56,"column":27}},"54":{"start":{"line":57,"column":0},"end":{"line":57,"column":27}},"55":{"start":{"line":58,"column":0},"end":{"line":58,"column":27}},"56":{"start":{"line":59,"column":0},"end":{"line":59,"column":27}},"57":{"start":{"line":60,"column":0},"end":{"line":60,"column":27}},"58":{"start":{"line":61,"column":0},"end":{"line":61,"column":27}},"59":{"start":{"line":62,"column":0},"end":{"line":62,"column":27}},"60":{"start":{"line":63,"column":0},"end":{"line":63,"column":27}},"61":{"start":{"line":64,"column":0},"end":{"line":64,"column":27}},"62":{"start":{"line":65,"column":0},"end":{"line":65,"column":27}},"63":{"start":{"line":66,"column":0},"end":{"line":66,"column":27}},"64":{"start":{"line":67,"column":0},"end":{"line":67,"column":27}},"65":{"start":{"line":68,"column":0},"end":{"line":68,"column":27}},"66":{"start":{"line":69,"column":0},"end":{"line":69,"column":27}},"67":{"start":{"line":70,"column":0},"end":{"line":70,"column":27}},"68":{"start":{"line":71,"column":0},"end":{"line":71,"column":27}},"69":{"start":{"line":72,"column":0},"end":{"line":72,"column":27}},"70":{"start":{"line":73,"column":0},"end":{"line":73,"column":27}},"71":{"start":{"line":74,"column":0},"end":{"line":74,"column":27}},"72":{"start":{"line":75,"column":0},"end":{"line":75,"column":5}},"73":{"start":{"line":76,"column":0},"end":{"line":76,"column":1}}},"s":{"0":2,"1":2,"2":2,"3":2,"4":2,"5":2,"6":2,"7":2,"8":2,"9":2,"10":2,"11":2,"12":2,"13":2,"14":2,"15":2,"16":2,"17":2,"18":2,"19":2,"20":2,"21":2,"22":2,"23":2,"24":2,"25":2,"26":2,"27":2,"28":2,"29":2,"30":2,"31":2,"32":2,"33":2,"34":2,"35":2,"36":2,"37":342,"38":342,"39":342,"40":342,"41":342,"42":342,"43":342,"44":342,"45":342,"46":342,"47":342,"48":342,"49":342,"50":342,"51":342,"52":342,"53":342,"54":342,"55":342,"56":342,"57":342,"58":342,"59":342,"60":342,"61":342,"62":342,"63":342,"64":342,"65":342,"66":342,"67":342,"68":342,"69":342,"70":342,"71":342,"72":342,"73":2},"branchMap":{"0":{"type":"branch","line":39,"loc":{"start":{"line":39,"column":4},"end":{"line":75,"column":5}},"locations":[{"start":{"line":39,"column":4},"end":{"line":75,"column":5}}]},"1":{"type":"branch","line":39,"loc":{"start":{"line":39,"column":30},"end":{"line":75,"column":5}},"locations":[{"start":{"line":39,"column":30},"end":{"line":75,"column":5}}]}},"b":{"0":[6],"1":[342]},"fnMap":{"0":{"name":"<static_initializer>","decl":{"start":{"line":39,"column":4},"end":{"line":75,"column":5}},"loc":{"start":{"line":39,"column":4},"end":{"line":75,"column":5}},"line":39},"1":{"name":"loadInstructions","decl":{"start":{"line":39,"column":30},"end":{"line":75,"column":5}},"loc":{"start":{"line":39,"column":30},"end":{"line":75,"column":5}},"line":39}},"f":{"0":6,"1":342}}
,"/home/runner/work/chip8/chip8/packages/chip8/src/instructions/instruction.ts": {"path":"/home/runner/work/chip8/chip8/packages/chip8/src/instructions/instruction.ts","all":false,"statementMap":{"0":{"start":{"line":9,"column":0},"end":{"line":9,"column":55}},"1":{"start":{"line":57,"column":0},"end":{"line":57,"column":64}},"2":{"start":{"line":58,"column":0},"end":{"line":58,"column":31}},"3":{"start":{"line":59,"column":0},"end":{"line":59,"column":41}},"4":{"start":{"line":60,"column":0},"end":{"line":60,"column":35}},"5":{"start":{"line":61,"column":0},"end":{"line":61,"column":43}},"6":{"start":{"line":62,"column":0},"end":{"line":62,"column":37}},"7":{"start":{"line":63,"column":0},"end":{"line":63,"column":35}},"8":{"start":{"line":64,"column":0},"end":{"line":64,"column":40}},"9":{"start":{"line":65,"column":0},"end":{"line":65,"column":40}},"10":{"start":{"line":66,"column":0},"end":{"line":66,"column":47}},"11":{"start":{"line":67,"column":0},"end":{"line":67,"column":35}},"12":{"start":{"line":69,"column":0},"end":{"line":69,"column":94}},"13":{"start":{"line":70,"column":0},"end":{"line":70,"column":29}},"14":{"start":{"line":71,"column":0},"end":{"line":71,"column":39}},"15":{"start":{"line":72,"column":0},"end":{"line":72,"column":33}},"16":{"start":{"line":73,"column":0},"end":{"line":73,"column":41}},"17":{"start":{"line":74,"column":0},"end":{"line":74,"column":35}},"18":{"start":{"line":75,"column":0},"end":{"line":75,"column":33}},"19":{"start":{"line":76,"column":0},"end":{"line":76,"column":43}},"20":{"start":{"line":77,"column":0},"end":{"line":77,"column":43}},"21":{"start":{"line":78,"column":0},"end":{"line":78,"column":28}},"22":{"start":{"line":79,"column":0},"end":{"line":79,"column":24}},"23":{"start":{"line":80,"column":0},"end":{"line":80,"column":5}},"24":{"start":{"line":82,"column":0},"end":{"line":82,"column":38}},"25":{"start":{"line":83,"column":0},"end":{"line":83,"column":66}},"26":{"start":{"line":84,"column":0},"end":{"line":84,"column":5}},"27":{"start":{"line":87,"column":0},"end":{"line":87,"column":1}}},"s":{"0":2,"1":2,"2":10012,"3":10012,"4":10012,"5":10012,"6":10012,"7":10012,"8":10012,"9":10012,"10":10012,"11":10012,"12":10012,"13":10804,"14":10804,"15":10804,"16":10804,"17":10804,"18":10804,"19":10804,"20":10804,"21":10804,"22":10804,"23":10804,"24":10012,"25":1420,"26":1420,"27":10012},"branchMap":{"0":{"type":"branch","line":57,"loc":{"start":{"line":57,"column":7},"end":{"line":87,"column":1}},"locations":[{"start":{"line":57,"column":7},"end":{"line":87,"column":1}}]},"1":{"type":"branch","line":69,"loc":{"start":{"line":69,"column":14},"end":{"line":80,"column":5}},"locations":[{"start":{"line":69,"column":14},"end":{"line":80,"column":5}}]},"2":{"type":"branch","line":82,"loc":{"start":{"line":82,"column":4},"end":{"line":84,"column":5}},"locations":[{"start":{"line":82,"column":4},"end":{"line":84,"column":5}}]}},"b":{"0":[10012],"1":[10804],"2":[1420]},"fnMap":{"0":{"name":"<instance_members_initializer>","decl":{"start":{"line":57,"column":7},"end":{"line":87,"column":1}},"loc":{"start":{"line":57,"column":7},"end":{"line":87,"column":1}},"line":57},"1":{"name":"Instruction","decl":{"start":{"line":69,"column":14},"end":{"line":80,"column":5}},"loc":{"start":{"line":69,"column":14},"end":{"line":80,"column":5}},"line":69},"2":{"name":"matches","decl":{"start":{"line":82,"column":4},"end":{"line":84,"column":5}},"loc":{"start":{"line":82,"column":4},"end":{"line":84,"column":5}},"line":82}},"f":{"0":10012,"1":10804,"2":1420}}
,"/home/runner/work/chip8/chip8/packages/math-operations/src/index.ts": {"path":"/home/runner/work/chip8/chip8/packages/math-operations/src/index.ts","all":false,"statementMap":{"0":{"start":{"line":1,"column":0},"end":{"line":1,"column":34}}},"s":{"0":2},"branchMap":{},"b":{},"fnMap":{},"f":{}}
,"/home/runner/work/chip8/chip8/packages/math-operations/src/math-operations.ts": {"path":"/home/runner/work/chip8/chip8/packages/math-operations/src/math-operations.ts","all":false,"statementMap":{"0":{"start":{"line":1,"column":0},"end":{"line":1,"column":60}},"1":{"start":{"line":2,"column":0},"end":{"line":2,"column":35}},"2":{"start":{"line":3,"column":0},"end":{"line":3,"column":1}},"3":{"start":{"line":5,"column":0},"end":{"line":5,"column":56}},"4":{"start":{"line":6,"column":0},"end":{"line":6,"column":42}},"5":{"start":{"line":7,"column":0},"end":{"line":7,"column":1}},"6":{"start":{"line":9,"column":0},"end":{"line":9,"column":56}},"7":{"start":{"line":10,"column":0},"end":{"line":10,"column":22}},"8":{"start":{"line":11,"column":0},"end":{"line":11,"column":1}},"9":{"start":{"line":13,"column":0},"end":{"line":13,"column":45}}},"s":{"0":2,"1":2,"2":2,"3":2,"4":2,"5":2,"6":2,"7":2,"8":2,"9":2},"branchMap":{"0":{"type":"branch","line":1,"loc":{"start":{"line":1,"column":31},"end":{"line":3,"column":1}},"locations":[{"start":{"line":1,"column":31},"end":{"line":3,"column":1}}]},"1":{"type":"branch","line":5,"loc":{"start":{"line":5,"column":27},"end":{"line":7,"column":1}},"locations":[{"start":{"line":5,"column":27},"end":{"line":7,"column":1}}]},"2":{"type":"branch","line":9,"loc":{"start":{"line":9,"column":27},"end":{"line":11,"column":1}},"locations":[{"start":{"line":9,"column":27},"end":{"line":11,"column":1}}]},"3":{"type":"branch","line":13,"loc":{"start":{"line":13,"column":25},"end":{"line":13,"column":45}},"locations":[{"start":{"line":13,"column":25},"end":{"line":13,"column":45}}]}},"b":{"0":[2],"1":[2],"2":[2],"3":[2]},"fnMap":{"0":{"name":"extractHundreds","decl":{"start":{"line":1,"column":31},"end":{"line":3,"column":1}},"loc":{"start":{"line":1,"column":31},"end":{"line":3,"column":1}},"line":1},"1":{"name":"extractTens","decl":{"start":{"line":5,"column":27},"end":{"line":7,"column":1}},"loc":{"start":{"line":5,"column":27},"end":{"line":7,"column":1}},"line":5},"2":{"name":"extractOnes","decl":{"start":{"line":9,"column":27},"end":{"line":11,"column":1}},"loc":{"start":{"line":9,"column":27},"end":{"line":11,"column":1}},"line":9},"3":{"name":"inclusive","decl":{"start":{"line":13,"column":25},"end":{"line":13,"column":45}},"loc":{"start":{"line":13,"column":25},"end":{"line":13,"column":45}},"line":13}},"f":{"0":2,"1":2,"2":2,"3":2}}
,"/home/runner/work/chip8/chip8/packages/use-chip8-emulator/src/index.ts": {"path":"/home/runner/work/chip8/chip8/packages/use-chip8-emulator/src/index.ts","all":false,"statementMap":{"0":{"start":{"line":1,"column":0},"end":{"line":1,"column":38}}},"s":{"0":2},"branchMap":{},"b":{},"fnMap":{},"f":{}}
,"/home/runner/work/chip8/chip8/packages/use-chip8-emulator/src/useChip8Emulator.ts": {"path":"/home/runner/work/chip8/chip8/packages/use-chip8-emulator/src/useChip8Emulator.ts","all":false,"statementMap":{"0":{"start":{"line":1,"column":0},"end":{"line":1,"column":96}},"1":{"start":{"line":2,"column":0},"end":{"line":2,"column":26}},"2":{"start":{"line":4,"column":0},"end":{"line":4,"column":39}},"3":{"start":{"line":5,"column":0},"end":{"line":5,"column":36}},"4":{"start":{"line":6,"column":0},"end":{"line":6,"column":30}},"5":{"start":{"line":7,"column":0},"end":{"line":7,"column":38}},"6":{"start":{"line":8,"column":0},"end":{"line":8,"column":41}},"7":{"start":{"line":9,"column":0},"end":{"line":9,"column":30}},"8":{"start":{"line":10,"column":0},"end":{"line":10,"column":35}},"9":{"start":{"line":11,"column":0},"end":{"line":11,"column":35}},"10":{"start":{"line":13,"column":0},"end":{"line":13,"column":25}},"11":{"start":{"line":14,"column":0},"end":{"line":14,"column":17}},"12":{"start":{"line":15,"column":0},"end":{"line":15,"column":14}},"13":{"start":{"line":16,"column":0},"end":{"line":16,"column":18}},"14":{"start":{"line":17,"column":0},"end":{"line":17,"column":15}},"15":{"start":{"line":18,"column":0},"end":{"line":18,"column":14}},"16":{"start":{"line":19,"column":0},"end":{"line":19,"column":19}},"17":{"start":{"line":20,"column":0},"end":{"line":20,"column":19}},"18":{"start":{"line":21,"column":0},"end":{"line":21,"column":7}},"19":{"start":{"line":23,"column":0},"end":{"line":23,"column":39}},"20":{"start":{"line":24,"column":0},"end":{"line":24,"column":12}},"21":{"start":{"line":25,"column":0},"end":{"line":25,"column":17}},"22":{"start":{"line":26,"column":0},"end":{"line":26,"column":14}},"23":{"start":{"line":27,"column":0},"end":{"line":27,"column":18}},"24":{"start":{"line":28,"column":0},"end":{"line":28,"column":15}},"25":{"start":{"line":29,"column":0},"end":{"line":29,"column":14}},"26":{"start":{"line":30,"column":0},"end":{"line":30,"column":19}},"27":{"start":{"line":31,"column":0},"end":{"line":31,"column":18}},"28":{"start":{"line":32,"column":0},"end":{"line":32,"column":7}},"29":{"start":{"line":34,"column":0},"end":{"line":34,"column":12}},"30":{"start":{"line":35,"column":0},"end":{"line":35,"column":16}},"31":{"start":{"line":36,"column":0},"end":{"line":36,"column":6}},"32":{"start":{"line":37,"column":0},"end":{"line":37,"column":1}}},"s":{"0":2,"1":2,"2":2,"3":2,"4":2,"5":2,"6":2,"7":2,"8":2,"9":2,"10":2,"11":2,"12":2,"13":2,"14":2,"15":2,"16":2,"17":2,"18":2,"19":2,"20":2,"21":2,"22":2,"23":2,"24":2,"25":2,"26":2,"27":2,"28":2,"29":2,"30":2,"31":2,"32":2},"branchMap":{"0":{"type":"branch","line":4,"loc":{"start":{"line":4,"column":32},"end":{"line":37,"column":1}},"locations":[{"start":{"line":4,"column":32},"end":{"line":37,"column":1}}]}},"b":{"0":[2]},"fnMap":{"0":{"name":"useChip8Emulator","decl":{"start":{"line":4,"column":32},"end":{"line":37,"column":1}},"loc":{"start":{"line":4,"column":32},"end":{"line":37,"column":1}},"line":4}},"f":{"0":2}}
}
